2026-03-03 14:43:00,572 - MasterWorker - INFO - 🚀 Prism CRM Worker Orchestrator Starting Up...
2026-03-03 14:43:00,576 - MasterWorker - INFO - --------------------------------------------------
2026-03-03 14:43:00,576 - MasterWorker - INFO - 🔄 Starting Master Scrape Cycle...
2026-03-03 14:43:00,577 - MasterWorker - INFO - ▶️ Triggering Appartements Worker
2026-03-03 14:43:00,577 - AppartementsWorker - INFO - 🚀 Starting Appartements Mailbox Scan Job...
2026-03-03 14:43:00,599 - AppartementsWorker - INFO - 📅 Scanning emails since 2026-02-01T14:43:00Z...
2026-03-03 14:43:00,753 - AppartementsWorker - WARNING - ⚠️ Access token expired. Attempting to refresh...
2026-03-03 14:43:01,374 - AppartementsWorker - INFO - 💾 Token refreshed and saved.
2026-03-03 14:43:05,667 - AppartementsWorker - INFO - 🔎 Found new lead email: apartments.com network lead for 475 george street north (Received: 2026-03-02T12:18:53Z)
2026-03-03 14:43:05,968 - AppartementsWorker - INFO - 💾 SAVED TO DB: Johnathan Collins (475 George Street North) at 2026-03-02 12:18:53
2026-03-03 14:43:05,971 - AppartementsWorker - INFO - 🔎 Found new lead email: apartments.com network lead for 80 bond street east (Received: 2026-03-02T10:32:12Z)
2026-03-03 14:43:05,978 - AppartementsWorker - INFO - 💾 SAVED TO DB: Gladys Lasconia (80 Bond Street East) at 2026-03-02 10:32:12
2026-03-03 14:43:05,987 - AppartementsWorker - INFO - 🔎 Found new lead email: apartments.com network lead for 475 george street north (Received: 2026-03-01T22:42:47Z)
2026-03-03 14:43:05,994 - AppartementsWorker - INFO - 💾 SAVED TO DB: Michelle Marquis (475 George Street North) at 2026-03-01 22:42:47
2026-03-03 14:43:06,002 - AppartementsWorker - INFO - 🔎 Found new lead email: tour requested from the apartments.com network (Received: 2026-03-01T21:21:21Z)
2026-03-03 14:43:06,011 - AppartementsWorker - INFO - 💾 SAVED TO DB: Christine&nbsp;McCormack (Unknown Property) at 2026-03-01 21:21:21
2026-03-03 14:43:10,546 - AppartementsWorker - INFO - 🔎 Found new lead email: apartments.com network lead for 80 bond street east (Received: 2026-02-28T03:32:35Z)
2026-03-03 14:43:10,572 - AppartementsWorker - INFO - 💾 SAVED TO DB: Priscilla Southwind (80 Bond Street East) at 2026-02-28 03:32:35
2026-03-03 14:43:15,194 - AppartementsWorker - INFO - 🔎 Found new lead email: apartments.com network lead for 100 bond street east (Received: 2026-02-27T01:50:30Z)
2026-03-03 14:43:15,222 - AppartementsWorker - INFO - 💾 SAVED TO DB: Oluranti Osinuga (100 Bond Street East) at 2026-02-27 01:50:30
2026-03-03 14:43:15,229 - AppartementsWorker - INFO - 🔎 Found new lead email: apartments.com network lead for 100 bond street east (Received: 2026-02-27T01:50:21Z)
2026-03-03 14:43:15,236 - AppartementsWorker - INFO - 💾 SAVED TO DB: Oluranti Osinuga (100 Bond Street East) at 2026-02-27 01:50:21
2026-03-03 14:43:17,945 - AppartementsWorker - INFO - 🔎 Found new lead email: tour requested from the apartments.com network (Received: 2026-02-27T01:48:25Z)
2026-03-03 14:43:17,955 - AppartementsWorker - INFO - 💾 SAVED TO DB: Oluranti&nbsp;Osinuga (Unknown Property) at 2026-02-27 01:48:25
2026-03-03 14:43:17,963 - AppartementsWorker - INFO - 🔎 Found new lead email: apartments.com network lead for 80 bond street east (Received: 2026-02-27T01:46:32Z)
2026-03-03 14:43:17,970 - AppartementsWorker - INFO - 💾 SAVED TO DB: Oluranti Osinuga (80 Bond Street East) at 2026-02-27 01:46:32
2026-03-03 14:43:17,980 - AppartementsWorker - INFO - 🔎 Found new lead email: apartments.com network lead for 80 bond street east (Received: 2026-02-27T01:46:28Z)
2026-03-03 14:43:17,987 - AppartementsWorker - INFO - 💾 SAVED TO DB: Oluranti Osinuga (80 Bond Street East) at 2026-02-27 01:46:28
2026-03-03 14:43:20,122 - AppartementsWorker - INFO - 🔎 Found new lead email: tour requested from the apartments.com network (Received: 2026-02-26T19:36:23Z)
2026-03-03 14:43:20,149 - AppartementsWorker - INFO - 💾 SAVED TO DB: Anita&nbsp;Bornilla (Unknown Property) at 2026-02-26 19:36:23
2026-03-03 14:43:22,323 - AppartementsWorker - INFO - 🔎 Found new lead email: apartments.com network lead for 475 george street north (Received: 2026-02-26T10:08:13Z)
2026-03-03 14:43:22,336 - AppartementsWorker - INFO - 💾 SAVED TO DB: K Tavernier (475 George Street North) at 2026-02-26 10:08:13
2026-03-03 14:43:22,345 - AppartementsWorker - INFO - 🔎 Found new lead email: apartments.com network lead for 475 george street north (Received: 2026-02-26T00:16:43Z)
2026-03-03 14:43:22,353 - AppartementsWorker - INFO - 💾 SAVED TO DB: carter couling (475 George Street North) at 2026-02-26 00:16:43
2026-03-03 14:43:22,364 - AppartementsWorker - INFO - 🔎 Found new lead email: apartments.com network lead for 475 george street north (Received: 2026-02-25T21:22:55Z)
2026-03-03 14:43:22,372 - AppartementsWorker - INFO - 💾 SAVED TO DB: Carter couling (475 George Street North) at 2026-02-25 21:22:55
2026-03-03 14:43:22,381 - AppartementsWorker - INFO - 🔎 Found new lead email: apartments.com network lead for 80 bond street east (Received: 2026-02-25T19:31:20Z)
2026-03-03 14:43:22,387 - AppartementsWorker - INFO - 💾 SAVED TO DB: Sandra Serrano (80 Bond Street East) at 2026-02-25 19:31:20
2026-03-03 14:43:22,396 - AppartementsWorker - INFO - 🔎 Found new lead email: tour requested from the apartments.com network (Received: 2026-02-25T19:27:25Z)
2026-03-03 14:43:22,404 - AppartementsWorker - INFO - 💾 SAVED TO DB: Sandra&nbsp;Serrano (Unknown Property) at 2026-02-25 19:27:25
2026-03-03 14:43:24,468 - AppartementsWorker - INFO - 🔎 Found new lead email: apartments.com network lead for 475 george street north (Received: 2026-02-25T18:00:40Z)
2026-03-03 14:43:24,477 - AppartementsWorker - INFO - 💾 SAVED TO DB: Hilda Chan (475 George Street North) at 2026-02-25 18:00:40
2026-03-03 14:43:26,920 - AppartementsWorker - INFO - 🔎 Found new lead email: tour requested from the apartments.com network (Received: 2026-02-25T03:12:34Z)
2026-03-03 14:43:26,930 - AppartementsWorker - INFO - 💾 SAVED TO DB: Shakeria&nbsp;Mcleod (Unknown Property) at 2026-02-25 03:12:34
2026-03-03 14:43:26,940 - AppartementsWorker - INFO - 🔎 Found new lead email: apartments.com network lead for 100 bond street east (Received: 2026-02-25T02:56:38Z)
2026-03-03 14:43:26,966 - AppartementsWorker - INFO - 💾 SAVED TO DB: RICHARD ELEN (100 Bond Street East) at 2026-02-25 02:56:38
2026-03-03 14:43:26,971 - AppartementsWorker - INFO - 🔎 Found new lead email: apartments.com network lead for 100 bond street east (Received: 2026-02-24T23:49:11Z)
2026-03-03 14:43:26,998 - AppartementsWorker - INFO - 💾 SAVED TO DB: SHAWN HUMPHREY (100 Bond Street East) at 2026-02-24 23:49:11
2026-03-03 14:43:35,923 - AppartementsWorker - INFO - 🔎 Found new lead email: tour requested from the apartments.com network (Received: 2026-02-23T21:51:26Z)
2026-03-03 14:43:35,951 - AppartementsWorker - INFO - 💾 SAVED TO DB: Samantha&nbsp;Salonga (Unknown Property) at 2026-02-23 21:51:26
2026-03-03 14:43:35,960 - AppartementsWorker - INFO - 🔎 Found new lead email: apartments.com network lead for 80 bond street east (Received: 2026-02-23T20:28:31Z)
2026-03-03 14:43:35,968 - AppartementsWorker - INFO - 💾 SAVED TO DB: Theresa Hrncie (80 Bond Street East) at 2026-02-23 20:28:31
2026-03-03 14:43:35,980 - AppartementsWorker - INFO - 🔎 Found new lead email: apartments.com network lead for 80 bond street east (Received: 2026-02-23T18:52:41Z)
2026-03-03 14:43:35,988 - AppartementsWorker - INFO - 💾 SAVED TO DB: Wasiq Khaliq (80 Bond Street East) at 2026-02-23 18:52:41
2026-03-03 14:43:36,001 - AppartementsWorker - INFO - 🔎 Found new lead email: apartments.com network lead for 80 bond street east (Received: 2026-02-23T17:46:14Z)
2026-03-03 14:43:36,008 - AppartementsWorker - INFO - 💾 SAVED TO DB: Dorothi Belliard (80 Bond Street East) at 2026-02-23 17:46:14
2026-03-03 14:43:36,017 - AppartementsWorker - INFO - 🔎 Found new lead email: apartments.com network lead for 475 george street north (Received: 2026-02-23T17:07:13Z)
2026-03-03 14:43:36,024 - AppartementsWorker - INFO - 💾 SAVED TO DB: Theresa Hrncie (475 George Street North) at 2026-02-23 17:07:13
2026-03-03 14:43:37,988 - AppartementsWorker - INFO - 🔎 Found new lead email: apartments.com network lead for 475 george street north (Received: 2026-02-23T00:12:31Z)
2026-03-03 14:43:37,998 - AppartementsWorker - INFO - 💾 SAVED TO DB: Madison Kooting (475 George Street North) at 2026-02-23 00:12:31
2026-03-03 14:43:38,008 - AppartementsWorker - INFO - 🔎 Found new lead email: apartments.com network lead for 475 george street north (Received: 2026-02-22T14:50:31Z)
2026-03-03 14:43:38,015 - AppartementsWorker - INFO - 💾 SAVED TO DB: Louise Wilson (475 George Street North) at 2026-02-22 14:50:31
2026-03-03 14:43:38,032 - AppartementsWorker - INFO - 🔎 Found new lead email: apartments.com network lead for 80 bond street east (Received: 2026-02-22T14:08:17Z)
2026-03-03 14:43:38,042 - AppartementsWorker - INFO - 💾 SAVED TO DB: Rolly Seguin (80 Bond Street East) at 2026-02-22 14:08:17
2026-03-03 14:43:38,054 - AppartementsWorker - INFO - 🔎 Found new lead email: apartments.com network lead for 475 george street north (Received: 2026-02-22T04:16:11Z)
2026-03-03 14:43:38,062 - AppartementsWorker - INFO - 💾 SAVED TO DB: Isabella Rego (475 George Street North) at 2026-02-22 04:16:11
2026-03-03 14:43:40,003 - AppartementsWorker - INFO - 🔎 Found new lead email: apartments.com network lead for 475 george street north (Received: 2026-02-21T15:12:31Z)
2026-03-03 14:43:40,010 - AppartementsWorker - INFO - 💾 SAVED TO DB: Phoenix Bingham (475 George Street North) at 2026-02-21 15:12:31
2026-03-03 14:43:42,094 - AppartementsWorker - INFO - 🔎 Found new lead email: apartments.com network lead for 475 george street north (Received: 2026-02-20T22:58:26Z)
2026-03-03 14:43:42,107 - AppartementsWorker - INFO - 💾 SAVED TO DB: Ryan Brinn (475 George Street North) at 2026-02-20 22:58:26
2026-03-03 14:43:44,248 - AppartementsWorker - INFO - 🔎 Found new lead email: apartments.com network lead for 475 george street north (Received: 2026-02-20T15:02:26Z)
2026-03-03 14:43:44,269 - AppartementsWorker - INFO - 💾 SAVED TO DB: Emily Mudge (475 George Street North) at 2026-02-20 15:02:26
2026-03-03 14:43:46,719 - AppartementsWorker - INFO - 🔎 Found new lead email: apartments.com network lead for 100 bond street east (Received: 2026-02-20T02:16:50Z)
2026-03-03 14:43:46,728 - AppartementsWorker - INFO - 💾 SAVED TO DB: Melissa Pigden (100 Bond Street East) at 2026-02-20 02:16:50
2026-03-03 14:43:46,737 - AppartementsWorker - INFO - 🔎 Found new lead email: apartments.com network lead for 80 bond street east (Received: 2026-02-20T02:10:40Z)
2026-03-03 14:43:46,744 - AppartementsWorker - INFO - 💾 SAVED TO DB: Melissa Pigden (80 Bond Street East) at 2026-02-20 02:10:40
2026-03-03 14:43:55,887 - AppartementsWorker - INFO - 🔎 Found new lead email: apartments.com network lead for 475 george street north (Received: 2026-02-19T15:58:19Z)
2026-03-03 14:43:55,898 - AppartementsWorker - INFO - 💾 SAVED TO DB: Phoenix Bingham (475 George Street North) at 2026-02-19 15:58:19
2026-03-03 14:44:06,455 - AppartementsWorker - INFO - 🔎 Found new lead email: apartments.com network lead for 475 george street north (Received: 2026-02-18T15:04:35Z)
2026-03-03 14:44:06,481 - AppartementsWorker - INFO - 💾 SAVED TO DB: DivineFavour Enuezie (475 George Street North) at 2026-02-18 15:04:35
2026-03-03 14:44:06,488 - AppartementsWorker - INFO - 🔎 Found new lead email: apartments.com network lead for 80 bond street east (Received: 2026-02-18T09:10:20Z)
2026-03-03 14:44:06,515 - AppartementsWorker - INFO - 💾 SAVED TO DB: Logan Doyle (80 Bond Street East) at 2026-02-18 09:10:20
2026-03-03 14:44:09,011 - AppartementsWorker - INFO - 🔎 Found new lead email: apartments.com network lead for 100 bond street east (Received: 2026-02-17T19:28:20Z)
2026-03-03 14:44:09,017 - AppartementsWorker - INFO - 💾 SAVED TO DB: Dave Watson (100 Bond Street East) at 2026-02-17 19:28:20
2026-03-03 14:44:09,024 - AppartementsWorker - INFO - 🔎 Found new lead email: apartments.com network lead for 80 bond street east (Received: 2026-02-17T08:04:17Z)
2026-03-03 14:44:09,030 - AppartementsWorker - INFO - 💾 SAVED TO DB: hassan haseeb (80 Bond Street East) at 2026-02-17 08:04:17
2026-03-03 14:44:09,041 - AppartementsWorker - INFO - 🔎 Found new lead email: apartments.com network lead for 100 bond street east (Received: 2026-02-17T07:58:14Z)
2026-03-03 14:44:09,047 - AppartementsWorker - INFO - 💾 SAVED TO DB: hassan haseeb (100 Bond Street East) at 2026-02-17 07:58:14
2026-03-03 14:44:09,056 - AppartementsWorker - INFO - 🔎 Found new lead email: tour requested from the apartments.com network (Received: 2026-02-17T06:21:23Z)
2026-03-03 14:44:09,064 - AppartementsWorker - INFO - 💾 SAVED TO DB: Afia&nbsp;Zaheen (Unknown Property) at 2026-02-17 06:21:23
2026-03-03 14:44:09,071 - AppartementsWorker - INFO - 🔎 Found new lead email: apartments.com network lead for 80 bond street east (Received: 2026-02-16T01:48:35Z)
2026-03-03 14:44:09,078 - AppartementsWorker - INFO - 💾 SAVED TO DB: Chantal SULAMAN (80 Bond Street East) at 2026-02-16 01:48:35
2026-03-03 14:44:12,311 - AppartementsWorker - INFO - 🔎 Found new lead email: apartments.com network lead for 475 george street north (Received: 2026-02-13T23:56:31Z)
2026-03-03 14:44:12,318 - AppartementsWorker - INFO - 💾 SAVED TO DB: Shivesh Boodoo (475 George Street North) at 2026-02-13 23:56:31
2026-03-03 14:44:15,903 - AppartementsWorker - INFO - 🔎 Found new lead email: apartments.com network lead for 475 george street north (Received: 2026-02-13T17:02:31Z)
2026-03-03 14:44:15,910 - AppartementsWorker - INFO - 💾 SAVED TO DB: DivineFavour Enuezie (475 George Street North) at 2026-02-13 17:02:31
2026-03-03 14:44:20,992 - AppartementsWorker - INFO - 🔎 Found new lead email: apartments.com network lead for 100 bond street east (Received: 2026-02-12T16:04:15Z)
2026-03-03 14:44:20,998 - AppartementsWorker - INFO - 💾 SAVED TO DB: Renee Johnson (100 Bond Street East) at 2026-02-12 16:04:15
2026-03-03 14:44:32,532 - AppartementsWorker - INFO - 🔎 Found new lead email: apartments.com network lead for 475 george street north (Received: 2026-02-09T21:47:08Z)
2026-03-03 14:44:32,544 - AppartementsWorker - INFO - 💾 SAVED TO DB: Maxim Tandon (475 George Street North) at 2026-02-09 21:47:08
2026-03-03 14:44:36,672 - AppartementsWorker - INFO - 🔎 Found new lead email: apartments.com network lead for 100 bond street east (Received: 2026-02-09T13:47:31Z)
2026-03-03 14:44:36,698 - AppartementsWorker - INFO - 💾 SAVED TO DB: Maureen Edwards (100 Bond Street East) at 2026-02-09 13:47:31
2026-03-03 14:44:36,705 - AppartementsWorker - INFO - 🔎 Found new lead email: apartments.com network lead for 80 bond street east (Received: 2026-02-08T14:18:28Z)
2026-03-03 14:44:36,712 - AppartementsWorker - INFO - 💾 SAVED TO DB: Jarnale Lennkx (80 Bond Street East) at 2026-02-08 14:18:28
2026-03-03 14:44:36,721 - AppartementsWorker - INFO - 🔎 Found new lead email: apartments.com network lead for 100 bond street east (Received: 2026-02-08T05:22:27Z)
2026-03-03 14:44:36,726 - AppartementsWorker - INFO - 💾 SAVED TO DB: Csarinnah Pagala (100 Bond Street East) at 2026-02-08 05:22:27
2026-03-03 14:44:36,734 - AppartementsWorker - INFO - 🔎 Found new lead email: apartments.com network lead for 80 bond street east (Received: 2026-02-07T21:56:21Z)
2026-03-03 14:44:36,739 - AppartementsWorker - INFO - 💾 SAVED TO DB: Jo Clemits (80 Bond Street East) at 2026-02-07 21:56:21
2026-03-03 14:44:38,880 - AppartementsWorker - INFO - 🔎 Found new lead email: apartments.com network lead for 80 bond street east (Received: 2026-02-07T04:28:34Z)
2026-03-03 14:44:38,886 - AppartementsWorker - INFO - 💾 SAVED TO DB: Tyonquay Mahomed (80 Bond Street East) at 2026-02-07 04:28:34
2026-03-03 14:44:38,893 - AppartementsWorker - INFO - 🔎 Found new lead email: apartments.com network lead for 100 bond street east (Received: 2026-02-06T23:18:34Z)
2026-03-03 14:44:38,901 - AppartementsWorker - INFO - 💾 SAVED TO DB: Serenity palmer (100 Bond Street East) at 2026-02-06 23:18:34
2026-03-03 14:44:38,914 - AppartementsWorker - INFO - 🔎 Found new lead email: apartments.com network lead for 80 bond street east (Received: 2026-02-06T23:16:37Z)
2026-03-03 14:44:38,922 - AppartementsWorker - INFO - 💾 SAVED TO DB: Serenity palmer (80 Bond Street East) at 2026-02-06 23:16:37
2026-03-03 14:44:38,933 - AppartementsWorker - INFO - 🔎 Found new lead email: apartments.com network lead for 100 bond street east (Received: 2026-02-06T22:08:32Z)
2026-03-03 14:44:38,942 - AppartementsWorker - INFO - 💾 SAVED TO DB: Shaquikna Jones (100 Bond Street East) at 2026-02-06 22:08:32
2026-03-03 14:44:40,958 - AppartementsWorker - INFO - 🔎 Found new lead email: apartments.com network lead for 475 george street north (Received: 2026-02-06T18:42:37Z)
2026-03-03 14:44:40,964 - AppartementsWorker - INFO - 💾 SAVED TO DB: Zaa Nkweta (475 George Street North) at 2026-02-06 18:42:37
2026-03-03 14:44:43,147 - AppartementsWorker - INFO - 🔎 Found new lead email: apartments.com network lead for 475 george street north (Received: 2026-02-06T03:40:43Z)
2026-03-03 14:44:43,154 - AppartementsWorker - INFO - 💾 SAVED TO DB: Owen Lane (475 George Street North) at 2026-02-06 03:40:43
2026-03-03 14:44:43,159 - AppartementsWorker - INFO - 🔎 Found new lead email: apartments.com network lead for 475 george street north (Received: 2026-02-05T22:46:12Z)
2026-03-03 14:44:43,165 - AppartementsWorker - INFO - 💾 SAVED TO DB: michael walker (475 George Street North) at 2026-02-05 22:46:12
2026-03-03 14:44:45,268 - AppartementsWorker - INFO - 🔎 Found new lead email: tour requested from the apartments.com network (Received: 2026-02-05T15:06:26Z)
2026-03-03 14:44:45,276 - AppartementsWorker - INFO - 💾 SAVED TO DB: Audrey&nbsp;Akaolisa (Unknown Property) at 2026-02-05 15:06:26
2026-03-03 14:44:45,286 - AppartementsWorker - INFO - 🔎 Found new lead email: tour requested from the apartments.com network (Received: 2026-02-05T15:06:25Z)
2026-03-03 14:44:45,294 - AppartementsWorker - INFO - 💾 SAVED TO DB: Audrey&nbsp;Akaolisa (Unknown Property) at 2026-02-05 15:06:25
2026-03-03 14:44:47,588 - AppartementsWorker - INFO - 🔎 Found new lead email: tour requested from the apartments.com network (Received: 2026-02-04T22:30:25Z)
2026-03-03 14:44:47,600 - AppartementsWorker - INFO - 💾 SAVED TO DB: Audrey&nbsp;Akaolisa (Unknown Property) at 2026-02-04 22:30:25
2026-03-03 14:44:47,606 - AppartementsWorker - INFO - 🔎 Found new lead email: tour requested from the apartments.com network (Received: 2026-02-04T21:21:27Z)
2026-03-03 14:44:47,614 - AppartementsWorker - INFO - 💾 SAVED TO DB: Μehrsa&nbsp;Rakhshani (Unknown Property) at 2026-02-04 21:21:27
2026-03-03 14:44:52,083 - AppartementsWorker - INFO - 🔎 Found new lead email: apartments.com network lead for 80 bond street east (Received: 2026-02-04T01:22:50Z)
2026-03-03 14:44:52,090 - AppartementsWorker - INFO - 💾 SAVED TO DB: Jessica Stolove (80 Bond Street East) at 2026-02-04 01:22:50
2026-03-03 14:44:52,103 - AppartementsWorker - INFO - 🔎 Found new lead email: apartments.com network lead for 100 bond street east (Received: 2026-02-03T23:24:41Z)
2026-03-03 14:44:52,130 - AppartementsWorker - INFO - 💾 SAVED TO DB: Hannah Walker (100 Bond Street East) at 2026-02-03 23:24:41
2026-03-03 14:44:54,799 - AppartementsWorker - INFO - 🔎 Found new lead email: apartments.com network lead for 475 george street north (Received: 2026-02-03T20:20:41Z)
2026-03-03 14:44:54,810 - AppartementsWorker - INFO - 💾 SAVED TO DB: Tori Iozzo (475 George Street North) at 2026-02-03 20:20:41
2026-03-03 14:44:54,828 - AppartementsWorker - INFO - 🔎 Found new lead email: apartments.com network lead for 475 george street north (Received: 2026-02-03T20:14:53Z)
2026-03-03 14:44:54,837 - AppartementsWorker - INFO - 💾 SAVED TO DB: Tori Iozzo (475 George Street North) at 2026-02-03 20:14:53
2026-03-03 14:44:54,856 - AppartementsWorker - INFO - 🔎 Found new lead email: apartments.com network lead for 80 bond street east (Received: 2026-02-03T18:11:39Z)
2026-03-03 14:44:54,863 - AppartementsWorker - INFO - 💾 SAVED TO DB: Joanne Jeanson (80 Bond Street East) at 2026-02-03 18:11:39
2026-03-03 14:45:02,266 - AppartementsWorker - INFO - 🔎 Found new lead email: apartments.com network lead for 475 george street north (Received: 2026-02-02T15:28:22Z)
2026-03-03 14:45:02,272 - AppartementsWorker - INFO - 💾 SAVED TO DB: Jesse Liedtke (475 George Street North) at 2026-02-02 15:28:22
2026-03-03 14:45:04,982 - AppartementsWorker - INFO - 🔎 Found new lead email: apartments.com network lead for 100 bond street east (Received: 2026-02-01T17:04:11Z)
2026-03-03 14:45:05,011 - AppartementsWorker - INFO - 💾 SAVED TO DB: Tasnima Kazi (100 Bond Street East) at 2026-02-01 17:04:11
2026-03-03 14:45:05,020 - AppartementsWorker - INFO - ✅ Page loop finished.
2026-03-03 14:45:05,021 - AppartementsWorker - INFO - 🏁 Job Finished. Checked 2462 emails. Saved 68 new leads.
2026-03-03 14:45:10,024 - MasterWorker - INFO - ▶️ Triggering Rhenti Worker
2026-03-03 14:45:10,024 - RhentiWorker - INFO - 🚀 Starting Rhenti Mailbox Scan (Last 30 Days)...
2026-03-03 14:45:12,954 - RhentiWorker - INFO - 🔎 Processing Rhenti Lead: You have new messages from Mikala OBrien from 80 Bond
2026-03-03 14:45:12,960 - RhentiWorker - INFO - 💾 SAVED TO DB: Mikala OBrien (Unknown Property)
2026-03-03 14:45:12,964 - RhentiWorker - INFO - 🔎 Processing Rhenti Lead: New Lead from Contact Form - 80 Bond St E, Oshawa, ON L1G 0E6, Canada from 80 Bond
2026-03-03 14:45:12,971 - RhentiWorker - INFO - 💾 SAVED TO DB: Mary Jo Morrison (80 Bond St E, Oshawa, ON L1G 0E6, Canada)
2026-03-03 14:45:34,633 - RhentiWorker - INFO - 🔎 Processing Rhenti Lead: New Lead from Contact Form - 80 Bond St E, Oshawa, ON L1G 0E6, Canada from 80 Bond
2026-03-03 14:45:34,639 - RhentiWorker - INFO - 💾 SAVED TO DB: Oleksandr Tsybulskyi (80 Bond St E, Oshawa, ON L1G 0E6, Canada)
2026-03-03 14:45:37,186 - RhentiWorker - INFO - 🔎 Processing Rhenti Lead: New Lead from Contact Form - 80 Bond St E, Oshawa, ON L1G 0E6, Canada from 80 Bond
2026-03-03 14:45:37,217 - RhentiWorker - INFO - 💾 SAVED TO DB: Yijie Zhou (80 Bond St E, Oshawa, ON L1G 0E6, Canada)
2026-03-03 14:45:45,166 - RhentiWorker - INFO - 🔎 Processing Rhenti Lead: New Lead from Contact Form - 80 Bond St E, Oshawa, ON L1G 0E6, Canada from 80 Bond
2026-03-03 14:45:45,175 - RhentiWorker - INFO - 💾 SAVED TO DB: Romil Jatania (80 Bond St E, Oshawa, ON L1G 0E6, Canada)
2026-03-03 14:45:46,854 - RhentiWorker - INFO - 🔎 Processing Rhenti Lead: New Lead from Contact Form - 80 Bond St E, Oshawa, ON L1G 0E6, Canada from 80 Bond
2026-03-03 14:45:46,861 - RhentiWorker - INFO - 💾 SAVED TO DB: Ikenna Madumere (80 Bond St E, Oshawa, ON L1G 0E6, Canada)
2026-03-03 14:45:50,377 - RhentiWorker - INFO - 🔎 Processing Rhenti Lead: New Lead from Contact Form - 80 Bond St E, Oshawa, ON L1G 0E6, Canada from 80 Bond
2026-03-03 14:45:50,385 - RhentiWorker - INFO - 💾 SAVED TO DB: Morgan Fyfe (80 Bond St E, Oshawa, ON L1G 0E6, Canada)
2026-03-03 14:45:50,392 - RhentiWorker - INFO - 🔎 Processing Rhenti Lead: Viewing request received – ACTION REQUIRED - 1 Bed - 80 Bond St E, Oshawa, ON L1G 0E6, Canada from 80 Bond
2026-03-03 14:45:50,398 - RhentiWorker - INFO - 💾 SAVED TO DB: David Frost (80 Bond St E, Oshawa, ON L1G 0E6, Canada)
2026-03-03 14:45:50,411 - RhentiWorker - INFO - 🔎 Processing Rhenti Lead: New Lead from Contact Form - 80 Bond St E, Oshawa, ON L1G 0E6, Canada from 80 Bond
2026-03-03 14:45:50,416 - RhentiWorker - INFO - 💾 SAVED TO DB: Mark Turla (80 Bond St E, Oshawa, ON L1G 0E6, Canada)
2026-03-03 14:45:58,588 - RhentiWorker - INFO - 🔎 Processing Rhenti Lead: You have new messages from Tarunpreet Rathore from 80 Bond
2026-03-03 14:45:58,595 - RhentiWorker - INFO - 💾 SAVED TO DB: Tarunpreet Rathore (Unknown Property)
2026-03-03 14:45:58,600 - RhentiWorker - INFO - 🔎 Processing Rhenti Lead: You have new messages from Tarunpreet Rathore from 80 Bond
2026-03-03 14:45:58,607 - RhentiWorker - INFO - 💾 SAVED TO DB: Tarunpreet Rathore (Unknown Property)
2026-03-03 14:46:00,279 - RhentiWorker - INFO - 🔎 Processing Rhenti Lead: Viewing request received – ACTION REQUIRED - 3 Bed - 80 Bond St E, Oshawa, ON L1G 0E6, Canada from 80 Bond
2026-03-03 14:46:00,289 - RhentiWorker - INFO - 💾 SAVED TO DB: LUCAS OLIVEIRA (80 Bond St E, Oshawa, ON L1G 0E6, Canada)
2026-03-03 14:46:00,302 - RhentiWorker - INFO - 🔎 Processing Rhenti Lead: You have new messages from Lucas OLIVEIRA from 80 Bond
2026-03-03 14:46:00,309 - RhentiWorker - INFO - 💾 SAVED TO DB: Lucas OLIVEIRA (Unknown Property)
2026-03-03 14:46:02,088 - RhentiWorker - INFO - 🔎 Processing Rhenti Lead: Viewing request received – ACTION REQUIRED - 2 Bed - 80 Bond St E, Oshawa, ON L1G 0E6, Canada from 80 Bond
2026-03-03 14:46:02,094 - RhentiWorker - INFO - 💾 SAVED TO DB: Syed Muhit Hasan (80 Bond St E, Oshawa, ON L1G 0E6, Canada)
2026-03-03 14:46:03,525 - RhentiWorker - INFO - 🔎 Processing Rhenti Lead: Offer Received from 80 Bond
2026-03-03 14:46:03,532 - RhentiWorker - INFO - 💾 SAVED TO DB: Unknown Rhenti Lead (Unknown Property)
2026-03-03 14:46:07,998 - RhentiWorker - INFO - 🔎 Processing Rhenti Lead: You have new messages from Savannah McCready Beaudin from 80 Bond
2026-03-03 14:46:08,010 - RhentiWorker - INFO - 💾 SAVED TO DB: Savannah McCready Beaudin (Unknown Property)
2026-03-03 14:46:22,544 - RhentiWorker - INFO - 🔎 Processing Rhenti Lead: New Lead from Contact Form - 80 Bond St E, Oshawa, ON L1G 0E6, Canada from 80 Bond
2026-03-03 14:46:22,573 - RhentiWorker - INFO - 💾 SAVED TO DB: JINOMON CYRIAC (80 Bond St E, Oshawa, ON L1G 0E6, Canada)
2026-03-03 14:46:25,086 - RhentiWorker - INFO - 🔎 Processing Rhenti Lead: New Lead from Contact Form - 80 Bond St E, Oshawa, ON L1G 0E6, Canada from 80 Bond
2026-03-03 14:46:25,113 - RhentiWorker - INFO - 💾 SAVED TO DB: josee vaillancourt (80 Bond St E, Oshawa, ON L1G 0E6, Canada)
2026-03-03 14:46:30,673 - RhentiWorker - INFO - 🔎 Processing Rhenti Lead: You received a renter inquiry from 100 Bond
2026-03-03 14:46:30,680 - RhentiWorker - INFO - 💾 SAVED TO DB: Michel Desjardins (3 Bed - 100 Bond St E, Oshawa, ON L1G 0B7, Canada)
2026-03-03 14:46:38,604 - RhentiWorker - INFO - 🔎 Processing Rhenti Lead: Viewing request received – ACTION REQUIRED - 1 Bed - 80 Bond St E, Oshawa, ON L1G 0E6, Canada from 80 Bond
2026-03-03 14:46:38,610 - RhentiWorker - INFO - 💾 SAVED TO DB: Eddie alexander Moreno londoño (80 Bond St E, Oshawa, ON L1G 0E6, Canada)
2026-03-03 14:46:38,617 - RhentiWorker - INFO - 🔎 Processing Rhenti Lead: New Lead from Contact Form - 80 Bond St E, Oshawa, ON L1G 0E6, Canada from 80 Bond
2026-03-03 14:46:38,623 - RhentiWorker - INFO - 💾 SAVED TO DB: Eddie alexander Moreno londoño (80 Bond St E, Oshawa, ON L1G 0E6, Canada)
2026-03-03 14:46:49,289 - RhentiWorker - INFO - 🏁 Job Finished. Checked 2464 emails. Saved 21 new leads.
2026-03-03 14:46:49,294 - MasterWorker - INFO - ✅ Master Scrape Cycle Complete.
2026-03-03 14:46:49,296 - MasterWorker - INFO - --------------------------------------------------
2026-03-03 14:46:49,297 - MasterWorker - INFO - 💤 Orchestrator sleeping for 1 hour...
2026-03-03 15:23:41,976 - MasterWorker - INFO - 🚀 Prism CRM Worker Orchestrator Starting Up...
2026-03-03 15:23:41,977 - MasterWorker - INFO - --------------------------------------------------
2026-03-03 15:23:41,978 - MasterWorker - INFO - 🔄 Starting Master Scrape Cycle...
2026-03-03 15:23:41,979 - MasterWorker - INFO - ▶️ Triggering Appartements Worker
2026-03-03 15:23:41,979 - AppartementsWorker - INFO - 🚀 Starting Appartements Mailbox Scan Job...
2026-03-03 15:23:41,996 - AppartementsWorker - INFO - 📅 Scanning emails since 2026-02-01T15:23:41Z...
2026-03-03 15:25:22,491 - AppartementsWorker - INFO - ✅ Page loop finished.
2026-03-03 15:25:22,492 - AppartementsWorker - INFO - 🏁 Job Finished. Checked 2410 emails. Saved 0 new leads.
2026-03-03 15:25:27,492 - MasterWorker - INFO - ▶️ Triggering Rhenti Worker
2026-03-03 15:25:27,492 - RhentiWorker - INFO - 🚀 Starting Rhenti Mailbox Scan (Last 30 Days)...
2026-03-03 15:27:04,592 - RhentiWorker - INFO - 🏁 Job Finished. Checked 2478 emails. Saved 0 new leads.
2026-03-03 15:27:04,596 - MasterWorker - INFO - ✅ Master Scrape Cycle Complete.
2026-03-03 15:27:04,596 - MasterWorker - INFO - --------------------------------------------------
2026-03-03 15:27:04,597 - MasterWorker - INFO - 💤 Orchestrator sleeping for 1 hour...
2026-03-03 15:49:19,471 - MasterWorker - INFO - 🚀 Prism CRM Worker Orchestrator Starting Up...
2026-03-03 15:49:19,473 - MasterWorker - INFO - --------------------------------------------------
2026-03-03 15:49:19,497 - MasterWorker - INFO - 🔄 Starting Master Scrape Cycle...
2026-03-03 15:49:19,503 - MasterWorker - INFO - ▶️ Triggering Appartements Worker
2026-03-03 15:49:19,514 - AppartementsWorker - INFO - 🚀 Starting Appartements Mailbox Scan Job...
2026-03-03 15:49:19,595 - AppartementsWorker - INFO - 📅 Scanning emails since 2026-02-01T15:49:19Z...
2026-03-03 15:51:09,172 - AppartementsWorker - INFO - ✅ Page loop finished.
2026-03-03 15:51:09,173 - AppartementsWorker - INFO - 🏁 Job Finished. Checked 2421 emails. Saved 0 new leads.
2026-03-03 15:51:14,175 - MasterWorker - INFO - ▶️ Triggering Rhenti Worker
2026-03-03 15:51:14,176 - RhentiWorker - INFO - 🚀 Starting Rhenti Mailbox Scan (Last 30 Days)...
2026-03-03 15:52:40,464 - RhentiWorker - INFO - 🏁 Job Finished. Checked 2490 emails. Saved 0 new leads.
2026-03-03 15:52:40,466 - MasterWorker - INFO - ✅ Master Scrape Cycle Complete.
2026-03-03 15:52:40,467 - MasterWorker - INFO - --------------------------------------------------
2026-03-03 15:52:40,467 - MasterWorker - INFO - 💤 Orchestrator sleeping for 1 hour...
2026-03-03 16:55:08,568 - MasterWorker - INFO - 🚀 Prism CRM Worker Orchestrator Starting Up...
2026-03-03 16:55:08,570 - MasterWorker - INFO - --------------------------------------------------
2026-03-03 16:55:08,570 - MasterWorker - INFO - 🔄 Starting Master Scrape Cycle...
2026-03-03 16:55:08,571 - MasterWorker - INFO - ▶️ Triggering Appartements Worker
2026-03-03 16:55:08,572 - AppartementsWorker - INFO - 🚀 Starting Appartements Mailbox Scan Job...
2026-03-03 16:55:08,637 - AppartementsWorker - INFO - 📅 Scanning emails since 2026-02-01T16:55:08Z...
2026-03-03 16:55:08,817 - AppartementsWorker - WARNING - ⚠️ Access token expired. Attempting to refresh...
2026-03-03 16:55:09,208 - AppartementsWorker - INFO - 💾 Token refreshed and saved.
2026-03-03 16:56:54,065 - AppartementsWorker - INFO - ✅ Page loop finished.
2026-03-03 16:56:54,066 - AppartementsWorker - INFO - 🏁 Job Finished. Checked 2440 emails. Saved 0 new leads.
2026-03-03 16:56:59,070 - MasterWorker - INFO - ▶️ Triggering Rhenti Worker
2026-03-03 16:56:59,070 - RhentiWorker - INFO - 🚀 Starting Rhenti Mailbox Scan (Last 30 Days)...
2026-03-03 16:58:30,939 - RhentiWorker - INFO - 🏁 Job Finished. Checked 2508 emails. Saved 0 new leads.
2026-03-03 16:58:30,940 - MasterWorker - INFO - ✅ Master Scrape Cycle Complete.
2026-03-03 16:58:30,941 - MasterWorker - INFO - --------------------------------------------------
2026-03-03 16:58:30,941 - MasterWorker - INFO - 💤 Orchestrator sleeping for 1 hour...
2026-03-03 17:38:02,497 - MasterWorker - INFO - 🚀 Prism CRM Worker Orchestrator Starting Up...
2026-03-03 17:38:02,499 - MasterWorker - INFO - --------------------------------------------------
2026-03-03 17:38:02,510 - MasterWorker - INFO - 🔄 Starting Master Scrape Cycle...
2026-03-03 17:38:02,511 - MasterWorker - INFO - ▶️ Triggering Appartements Worker
2026-03-03 17:38:02,512 - AppartementsWorker - INFO - 🚀 Starting Appartements Mailbox Scan Job...
2026-03-03 17:38:02,632 - AppartementsWorker - INFO - 📅 Scanning emails since 2026-02-01T17:38:02Z...
2026-03-03 17:43:28,730 - MasterWorker - INFO - 🚀 Prism CRM Worker Orchestrator Starting Up...
2026-03-03 17:43:28,731 - MasterWorker - INFO - --------------------------------------------------
2026-03-03 17:43:28,731 - MasterWorker - INFO - 🔄 Starting Master Scrape Cycle...
2026-03-03 17:43:28,732 - MasterWorker - INFO - ▶️ Triggering Appartements Worker
2026-03-03 17:43:28,732 - AppartementsWorker - INFO - 🚀 Starting Appartements Mailbox Scan Job...
2026-03-03 17:43:28,740 - AppartementsWorker - INFO - 📅 Scanning emails since 2026-02-01T17:43:28Z...
2026-03-03 17:43:30,920 - AppartementsWorker - INFO - 🔎 Found new lead email: apartments.com network lead for 80 bond street east (Received: 2026-03-03T17:42:55Z)
2026-03-03 17:43:31,069 - AppartementsWorker - INFO - 💾 SAVED TO DB: Priscilla Southwind (80 Bond Street East) at 2026-03-03 17:42:55
2026-03-03 17:45:11,363 - AppartementsWorker - INFO - ✅ Page loop finished.
2026-03-03 17:45:11,364 - AppartementsWorker - INFO - 🏁 Job Finished. Checked 2430 emails. Saved 1 new leads.
2026-03-03 17:45:16,367 - MasterWorker - INFO - ▶️ Triggering Rhenti Worker
2026-03-03 17:45:16,369 - RhentiWorker - INFO - 🚀 Starting Rhenti Mailbox Scan (Last 30 Days)...
2026-03-03 17:46:54,509 - RhentiWorker - INFO - 🏁 Job Finished. Checked 2497 emails. Saved 0 new leads.
2026-03-03 17:46:54,512 - MasterWorker - INFO - ✅ Master Scrape Cycle Complete.
2026-03-03 17:46:54,512 - MasterWorker - INFO - --------------------------------------------------
2026-03-03 17:46:54,513 - MasterWorker - INFO - 💤 Orchestrator sleeping for 1 hour...
2026-03-03 17:49:21,827 - MasterWorker - INFO - 🚀 Prism CRM Worker Orchestrator Starting Up...
2026-03-03 17:49:21,828 - MasterWorker - INFO - --------------------------------------------------
2026-03-03 17:49:21,828 - MasterWorker - INFO - 🔄 Starting Master Scrape Cycle...
2026-03-03 17:49:21,829 - MasterWorker - INFO - ▶️ Triggering Appartements Worker
2026-03-03 17:49:21,829 - AppartementsWorker - INFO - 🚀 Starting Appartements Mailbox Scan Job...
2026-03-03 17:49:21,836 - AppartementsWorker - INFO - 📅 Scanning emails since 2026-02-01T17:49:21Z...
2026-03-03 17:50:55,050 - AppartementsWorker - INFO - ✅ Page loop finished.
2026-03-03 17:50:55,051 - AppartementsWorker - INFO - 🏁 Job Finished. Checked 2429 emails. Saved 0 new leads.
2026-03-03 17:51:00,053 - MasterWorker - INFO - ▶️ Triggering Rhenti Worker
2026-03-03 17:51:00,055 - RhentiWorker - INFO - 🚀 Starting Rhenti Mailbox Scan (Last 30 Days)...
2026-03-03 18:07:44,744 - MasterWorker - INFO - 🚀 Prism CRM Worker Orchestrator Starting Up...
2026-03-03 18:07:44,745 - MasterWorker - INFO - --------------------------------------------------
2026-03-03 18:07:44,746 - MasterWorker - INFO - 🔄 Starting Master Scrape Cycle...
2026-03-03 18:07:44,747 - MasterWorker - INFO - ▶️ Triggering Appartements Worker
2026-03-03 18:07:44,748 - AppartementsWorker - INFO - 🚀 Starting Appartements Mailbox Scan Job...
2026-03-03 18:07:44,769 - AppartementsWorker - INFO - 📅 Scanning emails since 2026-02-01T18:07:44Z...
2026-03-03 18:09:18,928 - MasterWorker - INFO - 🚀 Prism CRM Worker Orchestrator Starting Up...
2026-03-03 18:09:18,928 - MasterWorker - INFO - --------------------------------------------------
2026-03-03 18:09:18,928 - MasterWorker - INFO - 🔄 Starting Master Scrape Cycle...
2026-03-03 18:09:18,929 - MasterWorker - INFO - ▶️ Triggering Appartements Worker
2026-03-03 18:09:18,929 - AppartementsWorker - INFO - 🚀 Starting Appartements Mailbox Scan Job...
2026-03-03 18:09:18,937 - AppartementsWorker - INFO - 📅 Scanning emails since 2026-02-01T18:09:18Z...
2026-03-03 18:09:19,029 - AppartementsWorker - WARNING - ⚠️ Access token expired. Attempting to refresh...
2026-03-03 18:09:19,335 - AppartementsWorker - ERROR - ❌ Token refresh failed. Manual intervention required.
2026-03-03 18:09:24,336 - MasterWorker - INFO - ▶️ Triggering Rhenti Worker
2026-03-03 18:09:24,338 - RhentiWorker - INFO - 🚀 Starting Rhenti Mailbox Scan (Last 30 Days)...
2026-03-03 18:09:24,432 - RhentiWorker - WARNING - ⚠️ Token expired. Refreshing...
2026-03-03 18:09:24,717 - MasterWorker - INFO - ✅ Master Scrape Cycle Complete.
2026-03-03 18:09:24,719 - MasterWorker - INFO - --------------------------------------------------
2026-03-03 18:09:24,720 - MasterWorker - INFO - 💤 Orchestrator sleeping for 1 hour...
2026-03-03 18:10:39,725 - MasterWorker - INFO - 🚀 Prism CRM Worker Orchestrator Starting Up...
2026-03-03 18:10:39,725 - MasterWorker - INFO - --------------------------------------------------
2026-03-03 18:10:39,726 - MasterWorker - INFO - 🔄 Starting Master Scrape Cycle...
2026-03-03 18:10:39,726 - MasterWorker - INFO - ▶️ Triggering Appartements Worker
2026-03-03 18:10:39,727 - AppartementsWorker - INFO - 🚀 Starting Appartements Mailbox Scan Job...
2026-03-03 18:10:39,735 - AppartementsWorker - INFO - 📅 Scanning emails since 2026-02-01T18:10:39Z...
2026-03-03 18:10:39,813 - AppartementsWorker - WARNING - ⚠️ Access token expired. Attempting to refresh...
2026-03-03 18:10:40,094 - AppartementsWorker - ERROR - ❌ Token refresh failed. Manual intervention required.
2026-03-03 18:10:45,097 - MasterWorker - INFO - ▶️ Triggering Rhenti Worker
2026-03-03 18:10:45,098 - RhentiWorker - INFO - 🚀 Starting Rhenti Mailbox Scan (Last 30 Days)...
2026-03-03 18:10:45,151 - RhentiWorker - WARNING - ⚠️ Token expired. Refreshing...
2026-03-03 18:10:45,355 - MasterWorker - INFO - ✅ Master Scrape Cycle Complete.
2026-03-03 18:10:45,356 - MasterWorker - INFO - --------------------------------------------------
2026-03-03 18:10:45,357 - MasterWorker - INFO - 💤 Orchestrator sleeping for 1 hour...
2026-03-03 18:11:32,547 - MasterWorker - INFO - 🚀 Prism CRM Worker Orchestrator Starting Up...
2026-03-03 18:11:32,547 - MasterWorker - INFO - --------------------------------------------------
2026-03-03 18:11:32,548 - MasterWorker - INFO - 🔄 Starting Master Scrape Cycle...
2026-03-03 18:11:32,548 - MasterWorker - INFO - ▶️ Triggering Appartements Worker
2026-03-03 18:11:32,548 - AppartementsWorker - INFO - 🚀 Starting Appartements Mailbox Scan Job...
2026-03-03 18:11:32,554 - AppartementsWorker - INFO - 📅 Scanning emails since 2026-02-01T18:11:32Z...
2026-03-03 18:11:32,640 - AppartementsWorker - WARNING - ⚠️ Access token expired. Attempting to refresh...
2026-03-03 18:11:32,893 - AppartementsWorker - ERROR - ❌ Token refresh failed. Manual intervention required.
2026-03-03 18:11:37,896 - MasterWorker - INFO - ▶️ Triggering Rhenti Worker
2026-03-03 18:11:37,897 - RhentiWorker - INFO - 🚀 Starting Rhenti Mailbox Scan (Last 30 Days)...
2026-03-03 18:11:37,982 - RhentiWorker - WARNING - ⚠️ Token expired. Refreshing...
2026-03-03 18:11:38,543 - MasterWorker - INFO - ✅ Master Scrape Cycle Complete.
2026-03-03 18:11:38,544 - MasterWorker - INFO - --------------------------------------------------
2026-03-03 18:11:38,545 - MasterWorker - INFO - 💤 Orchestrator sleeping for 1 hour...
2026-03-03 18:12:23,684 - MasterWorker - INFO - 🚀 Prism CRM Worker Orchestrator Starting Up...
2026-03-03 18:12:23,684 - MasterWorker - INFO - --------------------------------------------------
2026-03-03 18:12:23,684 - MasterWorker - INFO - 🔄 Starting Master Scrape Cycle...
2026-03-03 18:12:23,685 - MasterWorker - INFO - ▶️ Triggering Appartements Worker
2026-03-03 18:12:23,685 - AppartementsWorker - INFO - 🚀 Starting Appartements Mailbox Scan Job...
2026-03-03 18:12:23,692 - AppartementsWorker - INFO - 📅 Scanning emails since 2026-02-01T18:12:23Z...
2026-03-03 18:12:23,754 - AppartementsWorker - WARNING - ⚠️ Access token expired. Attempting to refresh...
2026-03-03 18:12:24,197 - AppartementsWorker - ERROR - ❌ Token refresh failed. Manual intervention required.
2026-03-03 18:12:29,199 - MasterWorker - INFO - ▶️ Triggering Rhenti Worker
2026-03-03 18:12:29,200 - RhentiWorker - INFO - 🚀 Starting Rhenti Mailbox Scan (Last 30 Days)...
2026-03-03 18:12:29,262 - RhentiWorker - WARNING - ⚠️ Token expired. Refreshing...
2026-03-03 18:12:29,782 - MasterWorker - INFO - ✅ Master Scrape Cycle Complete.
2026-03-03 18:12:29,782 - MasterWorker - INFO - --------------------------------------------------
2026-03-03 18:12:29,783 - MasterWorker - INFO - 💤 Orchestrator sleeping for 1 hour...
2026-03-03 18:13:32,169 - MasterWorker - INFO - 🚀 Prism CRM Worker Orchestrator Starting Up...
2026-03-03 18:13:32,170 - MasterWorker - INFO - --------------------------------------------------
2026-03-03 18:13:32,170 - MasterWorker - INFO - 🔄 Starting Master Scrape Cycle...
2026-03-03 18:13:32,171 - MasterWorker - INFO - ▶️ Triggering Appartements Worker
2026-03-03 18:13:32,171 - AppartementsWorker - INFO - 🚀 Starting Appartements Mailbox Scan Job...
2026-03-03 18:13:32,182 - AppartementsWorker - INFO - 📅 Scanning emails since 2026-02-01T18:13:32Z...
2026-03-03 18:13:32,284 - AppartementsWorker - WARNING - ⚠️ Access token expired. Attempting to refresh...
2026-03-03 18:13:32,576 - AppartementsWorker - INFO - 💾 Token refreshed and saved.
2026-03-03 18:14:49,360 - MasterWorker - INFO - 🚀 Prism CRM Worker Orchestrator Starting Up...
2026-03-03 18:14:49,360 - MasterWorker - INFO - --------------------------------------------------
2026-03-03 18:14:49,361 - MasterWorker - INFO - 🔄 Starting Master Scrape Cycle...
2026-03-03 18:14:49,361 - MasterWorker - INFO - ▶️ Triggering Appartements Worker
2026-03-03 18:14:49,361 - AppartementsWorker - INFO - 🚀 Starting Appartements Mailbox Scan Job...
2026-03-03 18:14:49,368 - AppartementsWorker - INFO - 📅 Scanning emails since 2026-02-01T18:14:49Z...
2026-03-03 18:15:54,030 - MasterWorker - INFO - 🚀 Prism CRM Worker Orchestrator Starting Up...
2026-03-03 18:15:54,030 - MasterWorker - INFO - --------------------------------------------------
2026-03-03 18:15:54,031 - MasterWorker - INFO - 🔄 Starting Master Scrape Cycle...
2026-03-03 18:15:54,031 - MasterWorker - INFO - ▶️ Triggering Appartements Worker
2026-03-03 18:15:54,032 - AppartementsWorker - INFO - 🚀 Starting Appartements Mailbox Scan Job...
2026-03-03 18:15:54,041 - AppartementsWorker - INFO - 📅 Scanning emails since 2026-02-01T18:15:54Z...
2026-03-03 18:20:13,490 - MasterWorker - INFO - 🚀 Prism CRM Worker Orchestrator Starting Up...
2026-03-03 18:20:13,490 - MasterWorker - INFO - --------------------------------------------------
2026-03-03 18:20:13,491 - MasterWorker - INFO - 🔄 Starting Master Scrape Cycle...
2026-03-03 18:20:13,491 - MasterWorker - INFO - ▶️ Triggering Appartements Worker
2026-03-03 18:20:13,492 - AppartementsWorker - INFO - 🚀 Starting Appartements Mailbox Scan Job...
2026-03-03 18:20:13,499 - AppartementsWorker - INFO - 📅 Scanning emails since 2026-02-01T18:20:13Z...
2026-03-03 18:21:58,536 - AppartementsWorker - INFO - ✅ Page loop finished.
2026-03-03 18:21:58,536 - AppartementsWorker - INFO - 🏁 Job Finished. Checked 2440 emails. Saved 0 new leads.
2026-03-03 18:22:03,540 - MasterWorker - INFO - ▶️ Triggering Rhenti Worker
2026-03-03 18:22:03,540 - RhentiWorker - INFO - 🚀 Starting Rhenti Mailbox Scan (Last 30 Days)...
2026-03-03 18:22:27,496 - MasterWorker - INFO - 🚀 Prism CRM Worker Orchestrator Starting Up...
2026-03-03 18:22:27,496 - MasterWorker - INFO - --------------------------------------------------
2026-03-03 18:22:27,497 - MasterWorker - INFO - 🔄 Starting Master Scrape Cycle...
2026-03-03 18:22:27,497 - MasterWorker - INFO - ▶️ Triggering Appartements Worker
2026-03-03 18:22:27,498 - AppartementsWorker - INFO - 🚀 Starting Appartements Mailbox Scan Job...
2026-03-03 18:22:27,505 - AppartementsWorker - INFO - 📅 Scanning emails since 2026-02-01T18:22:27Z...
2026-03-03 18:23:07,732 - MasterWorker - INFO - 🚀 Prism CRM Worker Orchestrator Starting Up...
2026-03-03 18:23:07,733 - MasterWorker - INFO - --------------------------------------------------
2026-03-03 18:23:07,733 - MasterWorker - INFO - 🔄 Starting Master Scrape Cycle...
2026-03-03 18:23:07,733 - MasterWorker - INFO - ▶️ Triggering Appartements Worker
2026-03-03 18:23:07,734 - AppartementsWorker - INFO - 🚀 Starting Appartements Mailbox Scan Job...
2026-03-03 18:23:07,740 - AppartementsWorker - INFO - 📅 Scanning emails since 2026-02-01T18:23:07Z...
2026-03-03 18:24:42,686 - AppartementsWorker - INFO - ✅ Page loop finished.
2026-03-03 18:24:42,687 - AppartementsWorker - INFO - 🏁 Job Finished. Checked 2444 emails. Saved 0 new leads.
2026-03-03 18:24:47,690 - MasterWorker - INFO - ▶️ Triggering Rhenti Worker
2026-03-03 18:24:47,691 - RhentiWorker - INFO - 🚀 Starting Rhenti Mailbox Scan (Last 30 Days)...
2026-03-03 18:26:19,312 - RhentiWorker - INFO - 🏁 Job Finished. Checked 2513 emails. Saved 0 new leads.
2026-03-03 18:26:19,317 - MasterWorker - INFO - ✅ Master Scrape Cycle Complete.
2026-03-03 18:26:19,318 - MasterWorker - INFO - --------------------------------------------------
2026-03-03 18:26:19,319 - MasterWorker - INFO - 💤 Orchestrator sleeping for 1 hour...
2026-03-03 18:30:48,010 - MasterWorker - INFO - 🚀 Prism CRM Worker Orchestrator Starting Up...
2026-03-03 18:30:48,010 - MasterWorker - INFO - --------------------------------------------------
2026-03-03 18:30:48,010 - MasterWorker - INFO - 🔄 Starting Master Scrape Cycle...
2026-03-03 18:30:48,011 - MasterWorker - INFO - ▶️ Triggering Appartements Worker
2026-03-03 18:30:48,011 - AppartementsWorker - INFO - 🚀 Starting Appartements Mailbox Scan Job...
2026-03-03 18:30:48,017 - AppartementsWorker - INFO - 📅 Scanning emails since 2026-02-01T18:30:48Z...
2026-03-03 18:32:16,991 - AppartementsWorker - INFO - ✅ Page loop finished.
2026-03-03 18:32:16,992 - AppartementsWorker - INFO - 🏁 Job Finished. Checked 2445 emails. Saved 0 new leads.
2026-03-03 18:32:21,992 - MasterWorker - INFO - ▶️ Triggering Rhenti Worker
2026-03-03 18:32:21,993 - RhentiWorker - INFO - 🚀 Starting Rhenti Mailbox Scan (Last 30 Days)...
2026-03-03 18:32:22,006 - RhentiWorker - INFO - 📅 Scanning emails since 2026-02-01T18:32:22Z...
2026-03-03 18:32:22,007 - RhentiWorker - INFO - 📄 Fetching page 1...
2026-03-03 18:32:23,239 - RhentiWorker - INFO - 📨 Received 50 emails in this page.
2026-03-03 18:32:23,240 - RhentiWorker - INFO - ➡️ Moving to next page...
2026-03-03 18:32:23,240 - RhentiWorker - INFO - 📄 Fetching page 2...
2026-03-03 18:32:25,256 - RhentiWorker - INFO - 📨 Received 50 emails in this page.
2026-03-03 18:32:25,257 - RhentiWorker - INFO - ⏳ Scanned 100 emails so far, found 0 new leads
2026-03-03 18:32:25,258 - RhentiWorker - INFO - ➡️ Moving to next page...
2026-03-03 18:32:25,259 - RhentiWorker - INFO - 📄 Fetching page 3...
2026-03-03 18:32:27,485 - RhentiWorker - INFO - 📨 Received 50 emails in this page.
2026-03-03 18:32:27,485 - RhentiWorker - INFO - ➡️ Moving to next page...
2026-03-03 18:32:27,486 - RhentiWorker - INFO - 📄 Fetching page 4...
2026-03-03 18:32:29,423 - RhentiWorker - INFO - 📨 Received 50 emails in this page.
2026-03-03 18:32:29,424 - RhentiWorker - INFO - ⏳ Scanned 200 emails so far, found 0 new leads
2026-03-03 18:32:29,424 - RhentiWorker - INFO - ➡️ Moving to next page...
2026-03-03 18:32:29,425 - RhentiWorker - INFO - 📄 Fetching page 5...
2026-03-03 18:32:31,633 - RhentiWorker - INFO - 📨 Received 50 emails in this page.
2026-03-03 18:32:31,634 - RhentiWorker - INFO - ➡️ Moving to next page...
2026-03-03 18:32:31,634 - RhentiWorker - INFO - 📄 Fetching page 6...
2026-03-03 18:32:33,286 - RhentiWorker - INFO - 📨 Received 50 emails in this page.
2026-03-03 18:32:33,287 - RhentiWorker - INFO - ⏳ Scanned 300 emails so far, found 0 new leads
2026-03-03 18:32:33,287 - RhentiWorker - INFO - ➡️ Moving to next page...
2026-03-03 18:32:33,288 - RhentiWorker - INFO - 📄 Fetching page 7...
2026-03-03 18:32:35,116 - RhentiWorker - INFO - 📨 Received 50 emails in this page.
2026-03-03 18:32:35,120 - RhentiWorker - INFO - ➡️ Moving to next page...
2026-03-03 18:32:35,122 - RhentiWorker - INFO - 📄 Fetching page 8...
2026-03-03 18:32:37,110 - RhentiWorker - INFO - 📨 Received 50 emails in this page.
2026-03-03 18:32:37,110 - RhentiWorker - INFO - ⏳ Scanned 400 emails so far, found 0 new leads
2026-03-03 18:32:37,111 - RhentiWorker - INFO - ➡️ Moving to next page...
2026-03-03 18:32:37,111 - RhentiWorker - INFO - 📄 Fetching page 9...
2026-03-03 18:32:38,816 - RhentiWorker - INFO - 📨 Received 50 emails in this page.
2026-03-03 18:32:38,817 - RhentiWorker - INFO - ➡️ Moving to next page...
2026-03-03 18:32:38,818 - RhentiWorker - INFO - 📄 Fetching page 10...
2026-03-03 18:32:40,687 - RhentiWorker - INFO - 📨 Received 50 emails in this page.
2026-03-03 18:32:40,687 - RhentiWorker - INFO - ⏳ Scanned 500 emails so far, found 0 new leads
2026-03-03 18:32:40,687 - RhentiWorker - INFO - ➡️ Moving to next page...
2026-03-03 18:32:40,688 - RhentiWorker - INFO - 📄 Fetching page 11...
2026-03-03 18:32:42,458 - RhentiWorker - INFO - 📨 Received 50 emails in this page.
2026-03-03 18:32:42,459 - RhentiWorker - INFO - ➡️ Moving to next page...
2026-03-03 18:32:42,459 - RhentiWorker - INFO - 📄 Fetching page 12...
2026-03-03 18:32:44,036 - RhentiWorker - INFO - 📨 Received 50 emails in this page.
2026-03-03 18:32:44,037 - RhentiWorker - INFO - ⏳ Scanned 600 emails so far, found 0 new leads
2026-03-03 18:32:44,038 - RhentiWorker - INFO - ➡️ Moving to next page...
2026-03-03 18:32:44,039 - RhentiWorker - INFO - 📄 Fetching page 13...
2026-03-03 18:32:45,861 - RhentiWorker - INFO - 📨 Received 50 emails in this page.
2026-03-03 18:32:45,862 - RhentiWorker - INFO - ➡️ Moving to next page...
2026-03-03 18:32:45,863 - RhentiWorker - INFO - 📄 Fetching page 14...
2026-03-03 18:32:47,557 - RhentiWorker - INFO - 📨 Received 50 emails in this page.
2026-03-03 18:32:47,558 - RhentiWorker - INFO - ⏳ Scanned 700 emails so far, found 0 new leads
2026-03-03 18:32:47,558 - RhentiWorker - INFO - ➡️ Moving to next page...
2026-03-03 18:32:47,559 - RhentiWorker - INFO - 📄 Fetching page 15...
2026-03-03 18:32:49,441 - RhentiWorker - INFO - 📨 Received 50 emails in this page.
2026-03-03 18:32:49,441 - RhentiWorker - INFO - ➡️ Moving to next page...
2026-03-03 18:32:49,442 - RhentiWorker - INFO - 📄 Fetching page 16...
2026-03-03 18:32:51,155 - RhentiWorker - INFO - 📨 Received 50 emails in this page.
2026-03-03 18:32:51,156 - RhentiWorker - INFO - ⏳ Scanned 800 emails so far, found 0 new leads
2026-03-03 18:32:51,156 - RhentiWorker - INFO - ➡️ Moving to next page...
2026-03-03 18:32:51,156 - RhentiWorker - INFO - 📄 Fetching page 17...
2026-03-03 18:32:52,909 - RhentiWorker - INFO - 📨 Received 50 emails in this page.
2026-03-03 18:32:52,910 - RhentiWorker - INFO - ➡️ Moving to next page...
2026-03-03 18:32:52,912 - RhentiWorker - INFO - 📄 Fetching page 18...
2026-03-03 18:32:54,629 - RhentiWorker - INFO - 📨 Received 50 emails in this page.
2026-03-03 18:32:54,630 - RhentiWorker - INFO - ⏳ Scanned 900 emails so far, found 0 new leads
2026-03-03 18:32:54,631 - RhentiWorker - INFO - ➡️ Moving to next page...
2026-03-03 18:32:54,631 - RhentiWorker - INFO - 📄 Fetching page 19...
2026-03-03 18:32:56,429 - RhentiWorker - INFO - 📨 Received 50 emails in this page.
2026-03-03 18:32:56,430 - RhentiWorker - INFO - ➡️ Moving to next page...
2026-03-03 18:32:56,430 - RhentiWorker - INFO - 📄 Fetching page 20...
2026-03-03 18:32:58,051 - RhentiWorker - INFO - 📨 Received 50 emails in this page.
2026-03-03 18:32:58,052 - RhentiWorker - INFO - ⏳ Scanned 1000 emails so far, found 0 new leads
2026-03-03 18:32:58,053 - RhentiWorker - INFO - ➡️ Moving to next page...
2026-03-03 18:32:58,053 - RhentiWorker - INFO - 📄 Fetching page 21...
2026-03-03 18:32:59,656 - RhentiWorker - INFO - 📨 Received 50 emails in this page.
2026-03-03 18:32:59,657 - RhentiWorker - INFO - ➡️ Moving to next page...
2026-03-03 18:32:59,657 - RhentiWorker - INFO - 📄 Fetching page 22...
2026-03-03 18:33:01,460 - RhentiWorker - INFO - 📨 Received 50 emails in this page.
2026-03-03 18:33:01,461 - RhentiWorker - INFO - ⏳ Scanned 1100 emails so far, found 0 new leads
2026-03-03 18:33:01,461 - RhentiWorker - INFO - ➡️ Moving to next page...
2026-03-03 18:33:01,461 - RhentiWorker - INFO - 📄 Fetching page 23...
2026-03-03 18:33:03,195 - RhentiWorker - INFO - 📨 Received 50 emails in this page.
2026-03-03 18:33:03,196 - RhentiWorker - INFO - ➡️ Moving to next page...
2026-03-03 18:33:03,196 - RhentiWorker - INFO - 📄 Fetching page 24...
2026-03-03 18:33:04,747 - RhentiWorker - INFO - 📨 Received 50 emails in this page.
2026-03-03 18:33:04,748 - RhentiWorker - INFO - ⏳ Scanned 1200 emails so far, found 0 new leads
2026-03-03 18:33:04,748 - RhentiWorker - INFO - ➡️ Moving to next page...
2026-03-03 18:33:04,749 - RhentiWorker - INFO - 📄 Fetching page 25...
2026-03-03 18:33:06,532 - RhentiWorker - INFO - 📨 Received 50 emails in this page.
2026-03-03 18:33:06,533 - RhentiWorker - INFO - ➡️ Moving to next page...
2026-03-03 18:33:06,533 - RhentiWorker - INFO - 📄 Fetching page 26...
2026-03-03 18:33:08,081 - RhentiWorker - INFO - 📨 Received 50 emails in this page.
2026-03-03 18:33:08,081 - RhentiWorker - INFO - ⏳ Scanned 1300 emails so far, found 0 new leads
2026-03-03 18:33:08,082 - RhentiWorker - INFO - ➡️ Moving to next page...
2026-03-03 18:33:08,082 - RhentiWorker - INFO - 📄 Fetching page 27...
2026-03-03 18:33:09,521 - RhentiWorker - INFO - 📨 Received 50 emails in this page.
2026-03-03 18:33:09,521 - RhentiWorker - INFO - ➡️ Moving to next page...
2026-03-03 18:33:09,522 - RhentiWorker - INFO - 📄 Fetching page 28...
2026-03-03 18:33:10,945 - RhentiWorker - INFO - 📨 Received 50 emails in this page.
2026-03-03 18:33:10,946 - RhentiWorker - INFO - ⏳ Scanned 1400 emails so far, found 0 new leads
2026-03-03 18:33:10,946 - RhentiWorker - INFO - ➡️ Moving to next page...
2026-03-03 18:33:10,947 - RhentiWorker - INFO - 📄 Fetching page 29...
2026-03-03 18:33:12,614 - RhentiWorker - INFO - 📨 Received 50 emails in this page.
2026-03-03 18:33:12,615 - RhentiWorker - INFO - ➡️ Moving to next page...
2026-03-03 18:33:12,617 - RhentiWorker - INFO - 📄 Fetching page 30...
2026-03-03 18:33:14,318 - RhentiWorker - INFO - 📨 Received 50 emails in this page.
2026-03-03 18:33:14,318 - RhentiWorker - INFO - ⏳ Scanned 1500 emails so far, found 0 new leads
2026-03-03 18:33:14,319 - RhentiWorker - INFO - ➡️ Moving to next page...
2026-03-03 18:33:14,319 - RhentiWorker - INFO - 📄 Fetching page 31...
2026-03-03 18:33:16,167 - RhentiWorker - INFO - 📨 Received 50 emails in this page.
2026-03-03 18:33:16,168 - RhentiWorker - INFO - ➡️ Moving to next page...
2026-03-03 18:33:16,168 - RhentiWorker - INFO - 📄 Fetching page 32...
2026-03-03 18:33:17,711 - RhentiWorker - INFO - 📨 Received 50 emails in this page.
2026-03-03 18:33:17,711 - RhentiWorker - INFO - ⏳ Scanned 1600 emails so far, found 0 new leads
2026-03-03 18:33:17,711 - RhentiWorker - INFO - ➡️ Moving to next page...
2026-03-03 18:33:17,712 - RhentiWorker - INFO - 📄 Fetching page 33...
2026-03-03 18:33:37,926 - MasterWorker - INFO - 🚀 Prism CRM Worker Orchestrator Starting Up...
2026-03-03 18:33:37,927 - MasterWorker - INFO - --------------------------------------------------
2026-03-03 18:33:37,928 - MasterWorker - INFO - 🔄 Starting Master Scrape Cycle...
2026-03-03 18:33:37,929 - MasterWorker - INFO - ▶️ Triggering Appartements Worker
2026-03-03 18:33:37,929 - AppartementsWorker - INFO - 🚀 Starting Appartements Mailbox Scan Job...
2026-03-03 18:33:37,946 - AppartementsWorker - INFO - 📅 Scanning emails since 2026-02-01T18:33:37Z...
2026-03-03 18:34:24,697 - MasterWorker - INFO - 🚀 Prism CRM Worker Orchestrator Starting Up...
2026-03-03 18:34:24,697 - MasterWorker - INFO - --------------------------------------------------
2026-03-03 18:34:24,698 - MasterWorker - INFO - 🔄 Starting Master Scrape Cycle...
2026-03-03 18:34:24,699 - MasterWorker - INFO - ▶️ Triggering Appartements Worker
2026-03-03 18:34:24,699 - AppartementsWorker - INFO - 🚀 Starting Appartements Mailbox Scan Job...
2026-03-03 18:34:24,706 - AppartementsWorker - INFO - 📅 Scanning emails since 2026-02-01T18:34:24Z...
2026-03-03 18:35:58,559 - AppartementsWorker - INFO - ✅ Page loop finished.
2026-03-03 18:35:58,559 - AppartementsWorker - INFO - 🏁 Job Finished. Checked 2447 emails. Saved 0 new leads.
2026-03-03 18:36:03,562 - MasterWorker - INFO - ▶️ Triggering Rhenti Worker
2026-03-03 18:36:03,562 - RhentiWorker - INFO - 🚀 Starting Rhenti Mailbox Scan (Last 30 Days)...
2026-03-03 18:36:03,569 - RhentiWorker - INFO - 📅 Scanning emails since 2026-02-01T18:36:03Z...
2026-03-03 18:36:03,569 - RhentiWorker - INFO - 📄 Fetching page 1...
2026-03-03 18:36:04,763 - RhentiWorker - INFO - 📨 Received 50 emails in this page.
2026-03-03 18:36:04,763 - RhentiWorker - INFO - ➡️ Moving to next page...
2026-03-03 18:36:04,764 - RhentiWorker - INFO - 📄 Fetching page 2...
2026-03-03 18:36:06,411 - RhentiWorker - INFO - 📨 Received 50 emails in this page.
2026-03-03 18:36:06,411 - RhentiWorker - INFO - ⏳ Scanned 100 emails so far, found 0 new leads
2026-03-03 18:36:06,412 - RhentiWorker - INFO - ➡️ Moving to next page...
2026-03-03 18:36:06,412 - RhentiWorker - INFO - 📄 Fetching page 3...
2026-03-03 18:36:07,769 - RhentiWorker - INFO - 📨 Received 50 emails in this page.
2026-03-03 18:36:07,770 - RhentiWorker - INFO - ➡️ Moving to next page...
2026-03-03 18:36:07,770 - RhentiWorker - INFO - 📄 Fetching page 4...
2026-03-03 18:36:09,096 - RhentiWorker - INFO - 📨 Received 50 emails in this page.
2026-03-03 18:36:09,097 - RhentiWorker - INFO - ⏳ Scanned 200 emails so far, found 0 new leads
2026-03-03 18:36:09,098 - RhentiWorker - INFO - ➡️ Moving to next page...
2026-03-03 18:36:09,098 - RhentiWorker - INFO - 📄 Fetching page 5...
2026-03-03 18:36:10,430 - RhentiWorker - INFO - 📨 Received 50 emails in this page.
2026-03-03 18:36:10,430 - RhentiWorker - INFO - ➡️ Moving to next page...
2026-03-03 18:36:10,431 - RhentiWorker - INFO - 📄 Fetching page 6...
2026-03-03 18:36:11,591 - RhentiWorker - INFO - 📨 Received 50 emails in this page.
2026-03-03 18:36:11,592 - RhentiWorker - INFO - ⏳ Scanned 300 emails so far, found 0 new leads
2026-03-03 18:36:11,592 - RhentiWorker - INFO - ➡️ Moving to next page...
2026-03-03 18:36:11,593 - RhentiWorker - INFO - 📄 Fetching page 7...
2026-03-03 18:36:12,867 - RhentiWorker - INFO - 📨 Received 50 emails in this page.
2026-03-03 18:36:12,868 - RhentiWorker - INFO - ➡️ Moving to next page...
2026-03-03 18:36:12,868 - RhentiWorker - INFO - 📄 Fetching page 8...
2026-03-03 18:36:14,111 - RhentiWorker - INFO - 📨 Received 50 emails in this page.
2026-03-03 18:36:14,112 - RhentiWorker - INFO - ⏳ Scanned 400 emails so far, found 0 new leads
2026-03-03 18:36:14,112 - RhentiWorker - INFO - ➡️ Moving to next page...
2026-03-03 18:36:14,113 - RhentiWorker - INFO - 📄 Fetching page 9...
2026-03-03 18:36:15,357 - RhentiWorker - INFO - 📨 Received 50 emails in this page.
2026-03-03 18:36:15,357 - RhentiWorker - INFO - ➡️ Moving to next page...
2026-03-03 18:36:15,358 - RhentiWorker - INFO - 📄 Fetching page 10...
2026-03-03 18:36:16,886 - RhentiWorker - INFO - 📨 Received 50 emails in this page.
2026-03-03 18:36:16,887 - RhentiWorker - INFO - ⏳ Scanned 500 emails so far, found 0 new leads
2026-03-03 18:36:16,888 - RhentiWorker - INFO - ➡️ Moving to next page...
2026-03-03 18:36:16,890 - RhentiWorker - INFO - 📄 Fetching page 11...
2026-03-03 18:36:18,484 - RhentiWorker - INFO - 📨 Received 50 emails in this page.
2026-03-03 18:36:18,485 - RhentiWorker - INFO - ➡️ Moving to next page...
2026-03-03 18:36:18,486 - RhentiWorker - INFO - 📄 Fetching page 12...
2026-03-03 18:36:20,104 - RhentiWorker - INFO - 📨 Received 50 emails in this page.
2026-03-03 18:36:20,106 - RhentiWorker - INFO - ⏳ Scanned 600 emails so far, found 0 new leads
2026-03-03 18:36:20,107 - RhentiWorker - INFO - ➡️ Moving to next page...
2026-03-03 18:36:20,109 - RhentiWorker - INFO - 📄 Fetching page 13...
2026-03-03 18:36:22,255 - RhentiWorker - INFO - 📨 Received 50 emails in this page.
2026-03-03 18:36:22,255 - RhentiWorker - INFO - ➡️ Moving to next page...
2026-03-03 18:36:22,256 - RhentiWorker - INFO - 📄 Fetching page 14...
2026-03-03 18:36:23,970 - RhentiWorker - INFO - 📨 Received 50 emails in this page.
2026-03-03 18:36:23,971 - RhentiWorker - INFO - ⏳ Scanned 700 emails so far, found 0 new leads
2026-03-03 18:36:23,972 - RhentiWorker - INFO - ➡️ Moving to next page...
2026-03-03 18:36:23,974 - RhentiWorker - INFO - 📄 Fetching page 15...
2026-03-03 18:36:25,785 - RhentiWorker - INFO - 📨 Received 50 emails in this page.
2026-03-03 18:36:25,786 - RhentiWorker - INFO - ➡️ Moving to next page...
2026-03-03 18:36:25,786 - RhentiWorker - INFO - 📄 Fetching page 16...
2026-03-03 18:36:27,844 - RhentiWorker - INFO - 📨 Received 50 emails in this page.
2026-03-03 18:36:27,845 - RhentiWorker - INFO - ⏳ Scanned 800 emails so far, found 0 new leads
2026-03-03 18:36:27,846 - RhentiWorker - INFO - ➡️ Moving to next page...
2026-03-03 18:36:27,847 - RhentiWorker - INFO - 📄 Fetching page 17...
2026-03-03 18:36:29,884 - RhentiWorker - INFO - 📨 Received 50 emails in this page.
2026-03-03 18:36:29,885 - RhentiWorker - INFO - ➡️ Moving to next page...
2026-03-03 18:36:29,886 - RhentiWorker - INFO - 📄 Fetching page 18...
2026-03-03 18:36:32,194 - RhentiWorker - INFO - 📨 Received 50 emails in this page.
2026-03-03 18:36:32,195 - RhentiWorker - INFO - ⏳ Scanned 900 emails so far, found 0 new leads
2026-03-03 18:36:32,195 - RhentiWorker - INFO - ➡️ Moving to next page...
2026-03-03 18:36:32,195 - RhentiWorker - INFO - 📄 Fetching page 19...
2026-03-03 18:36:34,175 - RhentiWorker - INFO - 📨 Received 50 emails in this page.
2026-03-03 18:36:34,176 - RhentiWorker - INFO - ➡️ Moving to next page...
2026-03-03 18:36:34,176 - RhentiWorker - INFO - 📄 Fetching page 20...
2026-03-03 18:36:37,082 - RhentiWorker - INFO - 📨 Received 50 emails in this page.
2026-03-03 18:36:37,083 - RhentiWorker - INFO - ⏳ Scanned 1000 emails so far, found 0 new leads
2026-03-03 18:36:37,083 - RhentiWorker - INFO - ➡️ Moving to next page...
2026-03-03 18:36:37,084 - RhentiWorker - INFO - 📄 Fetching page 21...
2026-03-03 18:36:39,903 - RhentiWorker - INFO - 📨 Received 50 emails in this page.
2026-03-03 18:36:39,904 - RhentiWorker - INFO - ➡️ Moving to next page...
2026-03-03 18:36:39,904 - RhentiWorker - INFO - 📄 Fetching page 22...
2026-03-03 18:36:41,911 - RhentiWorker - INFO - 📨 Received 50 emails in this page.
2026-03-03 18:36:41,911 - RhentiWorker - INFO - ⏳ Scanned 1100 emails so far, found 0 new leads
2026-03-03 18:36:41,911 - RhentiWorker - INFO - ➡️ Moving to next page...
2026-03-03 18:36:41,912 - RhentiWorker - INFO - 📄 Fetching page 23...
2026-03-03 18:36:43,790 - RhentiWorker - INFO - 📨 Received 50 emails in this page.
2026-03-03 18:36:43,792 - RhentiWorker - INFO - ➡️ Moving to next page...
2026-03-03 18:36:43,793 - RhentiWorker - INFO - 📄 Fetching page 24...
2026-03-03 18:36:45,695 - RhentiWorker - INFO - 📨 Received 50 emails in this page.
2026-03-03 18:36:45,696 - RhentiWorker - INFO - ⏳ Scanned 1200 emails so far, found 0 new leads
2026-03-03 18:36:45,697 - RhentiWorker - INFO - ➡️ Moving to next page...
2026-03-03 18:36:45,698 - RhentiWorker - INFO - 📄 Fetching page 25...
2026-03-03 18:36:47,524 - RhentiWorker - INFO - 📨 Received 50 emails in this page.
2026-03-03 18:36:47,525 - RhentiWorker - INFO - ➡️ Moving to next page...
2026-03-03 18:36:47,526 - RhentiWorker - INFO - 📄 Fetching page 26...
2026-03-03 18:36:49,519 - RhentiWorker - INFO - 📨 Received 50 emails in this page.
2026-03-03 18:36:49,520 - RhentiWorker - INFO - ⏳ Scanned 1300 emails so far, found 0 new leads
2026-03-03 18:36:49,521 - RhentiWorker - INFO - ➡️ Moving to next page...
2026-03-03 18:36:49,522 - RhentiWorker - INFO - 📄 Fetching page 27...
2026-03-03 18:36:51,253 - RhentiWorker - INFO - 📨 Received 50 emails in this page.
2026-03-03 18:36:51,253 - RhentiWorker - INFO - ➡️ Moving to next page...
2026-03-03 18:36:51,254 - RhentiWorker - INFO - 📄 Fetching page 28...
2026-03-03 18:36:52,756 - RhentiWorker - INFO - 📨 Received 50 emails in this page.
2026-03-03 18:36:52,757 - RhentiWorker - INFO - ⏳ Scanned 1400 emails so far, found 0 new leads
2026-03-03 18:36:52,758 - RhentiWorker - INFO - ➡️ Moving to next page...
2026-03-03 18:36:52,758 - RhentiWorker - INFO - 📄 Fetching page 29...
2026-03-03 18:36:54,373 - RhentiWorker - INFO - 📨 Received 50 emails in this page.
2026-03-03 18:36:54,373 - RhentiWorker - INFO - ➡️ Moving to next page...
2026-03-03 18:36:54,373 - RhentiWorker - INFO - 📄 Fetching page 30...
2026-03-03 18:36:55,878 - RhentiWorker - INFO - 📨 Received 50 emails in this page.
2026-03-03 18:36:55,879 - RhentiWorker - INFO - ⏳ Scanned 1500 emails so far, found 0 new leads
2026-03-03 18:36:55,879 - RhentiWorker - INFO - ➡️ Moving to next page...
2026-03-03 18:36:55,880 - RhentiWorker - INFO - 📄 Fetching page 31...
2026-03-03 18:36:57,463 - RhentiWorker - INFO - 📨 Received 50 emails in this page.
2026-03-03 18:36:57,464 - RhentiWorker - INFO - ➡️ Moving to next page...
2026-03-03 18:36:57,464 - RhentiWorker - INFO - 📄 Fetching page 32...
2026-03-03 18:36:58,951 - RhentiWorker - INFO - 📨 Received 50 emails in this page.
2026-03-03 18:36:58,951 - RhentiWorker - INFO - ⏳ Scanned 1600 emails so far, found 0 new leads
2026-03-03 18:36:58,952 - RhentiWorker - INFO - ➡️ Moving to next page...
2026-03-03 18:36:58,953 - RhentiWorker - INFO - 📄 Fetching page 33...
2026-03-03 18:37:00,403 - RhentiWorker - INFO - 📨 Received 50 emails in this page.
2026-03-03 18:37:00,404 - RhentiWorker - INFO - ➡️ Moving to next page...
2026-03-03 18:37:00,405 - RhentiWorker - INFO - 📄 Fetching page 34...
2026-03-03 18:37:01,788 - RhentiWorker - INFO - 📨 Received 50 emails in this page.
2026-03-03 18:37:01,789 - RhentiWorker - INFO - ⏳ Scanned 1700 emails so far, found 0 new leads
2026-03-03 18:37:01,789 - RhentiWorker - INFO - ➡️ Moving to next page...
2026-03-03 18:37:01,789 - RhentiWorker - INFO - 📄 Fetching page 35...
2026-03-03 18:37:03,105 - RhentiWorker - INFO - 📨 Received 50 emails in this page.
2026-03-03 18:37:03,105 - RhentiWorker - INFO - ➡️ Moving to next page...
2026-03-03 18:37:03,106 - RhentiWorker - INFO - 📄 Fetching page 36...
2026-03-03 18:37:04,860 - RhentiWorker - INFO - 📨 Received 50 emails in this page.
2026-03-03 18:37:04,861 - RhentiWorker - INFO - ⏳ Scanned 1800 emails so far, found 0 new leads
2026-03-03 18:37:04,862 - RhentiWorker - INFO - ➡️ Moving to next page...
2026-03-03 18:37:04,863 - RhentiWorker - INFO - 📄 Fetching page 37...
2026-03-03 18:37:06,405 - RhentiWorker - INFO - 📨 Received 50 emails in this page.
2026-03-03 18:37:06,406 - RhentiWorker - INFO - ➡️ Moving to next page...
2026-03-03 18:37:06,406 - RhentiWorker - INFO - 📄 Fetching page 38...
2026-03-03 18:37:08,057 - RhentiWorker - INFO - 📨 Received 50 emails in this page.
2026-03-03 18:37:08,058 - RhentiWorker - INFO - ⏳ Scanned 1900 emails so far, found 0 new leads
2026-03-03 18:37:08,059 - RhentiWorker - INFO - ➡️ Moving to next page...
2026-03-03 18:37:08,059 - RhentiWorker - INFO - 📄 Fetching page 39...
2026-03-03 18:37:09,629 - RhentiWorker - INFO - 📨 Received 50 emails in this page.
2026-03-03 18:37:09,630 - RhentiWorker - INFO - ➡️ Moving to next page...
2026-03-03 18:37:09,630 - RhentiWorker - INFO - 📄 Fetching page 40...
2026-03-03 18:37:12,204 - RhentiWorker - INFO - 📨 Received 50 emails in this page.
2026-03-03 18:37:12,206 - RhentiWorker - INFO - ⏳ Scanned 2000 emails so far, found 0 new leads
2026-03-03 18:37:12,207 - RhentiWorker - INFO - ➡️ Moving to next page...
2026-03-03 18:37:12,209 - RhentiWorker - INFO - 📄 Fetching page 41...
2026-03-03 18:37:14,671 - RhentiWorker - INFO - 📨 Received 50 emails in this page.
2026-03-03 18:37:14,671 - RhentiWorker - INFO - ➡️ Moving to next page...
2026-03-03 18:37:14,672 - RhentiWorker - INFO - 📄 Fetching page 42...
2026-03-03 18:37:17,477 - RhentiWorker - INFO - 📨 Received 50 emails in this page.
2026-03-03 18:37:17,478 - RhentiWorker - INFO - ⏳ Scanned 2100 emails so far, found 0 new leads
2026-03-03 18:37:17,479 - RhentiWorker - INFO - ➡️ Moving to next page...
2026-03-03 18:37:17,480 - RhentiWorker - INFO - 📄 Fetching page 43...
2026-03-03 18:37:19,636 - RhentiWorker - INFO - 📨 Received 50 emails in this page.
2026-03-03 18:37:19,637 - RhentiWorker - INFO - ➡️ Moving to next page...
2026-03-03 18:37:19,639 - RhentiWorker - INFO - 📄 Fetching page 44...
2026-03-03 18:37:21,841 - RhentiWorker - INFO - 📨 Received 50 emails in this page.
2026-03-03 18:37:21,842 - RhentiWorker - INFO - ⏳ Scanned 2200 emails so far, found 0 new leads
2026-03-03 18:37:21,842 - RhentiWorker - INFO - ➡️ Moving to next page...
2026-03-03 18:37:21,842 - RhentiWorker - INFO - 📄 Fetching page 45...
2026-03-03 18:37:24,028 - RhentiWorker - INFO - 📨 Received 50 emails in this page.
2026-03-03 18:37:24,029 - RhentiWorker - INFO - ➡️ Moving to next page...
2026-03-03 18:37:24,030 - RhentiWorker - INFO - 📄 Fetching page 46...
2026-03-03 18:37:26,187 - RhentiWorker - INFO - 📨 Received 50 emails in this page.
2026-03-03 18:37:26,187 - RhentiWorker - INFO - ⏳ Scanned 2300 emails so far, found 0 new leads
2026-03-03 18:37:26,187 - RhentiWorker - INFO - ➡️ Moving to next page...
2026-03-03 18:37:26,188 - RhentiWorker - INFO - 📄 Fetching page 47...
2026-03-03 18:37:28,803 - RhentiWorker - INFO - 📨 Received 50 emails in this page.
2026-03-03 18:37:28,804 - RhentiWorker - INFO - ➡️ Moving to next page...
2026-03-03 18:37:28,804 - RhentiWorker - INFO - 📄 Fetching page 48...
2026-03-03 18:37:30,592 - RhentiWorker - INFO - 📨 Received 50 emails in this page.
2026-03-03 18:37:30,593 - RhentiWorker - INFO - ⏳ Scanned 2400 emails so far, found 0 new leads
2026-03-03 18:37:30,594 - RhentiWorker - INFO - ➡️ Moving to next page...
2026-03-03 18:37:30,595 - RhentiWorker - INFO - 📄 Fetching page 49...
2026-03-03 18:37:32,355 - RhentiWorker - INFO - 📨 Received 50 emails in this page.
2026-03-03 18:37:32,357 - RhentiWorker - INFO - ➡️ Moving to next page...
2026-03-03 18:37:32,358 - RhentiWorker - INFO - 📄 Fetching page 50...
2026-03-03 18:37:34,127 - RhentiWorker - INFO - 📨 Received 50 emails in this page.
2026-03-03 18:37:34,128 - RhentiWorker - INFO - ⏳ Scanned 2500 emails so far, found 0 new leads
2026-03-03 18:37:34,129 - RhentiWorker - INFO - ➡️ Moving to next page...
2026-03-03 18:37:34,130 - RhentiWorker - INFO - 📄 Fetching page 51...
2026-03-03 18:37:35,232 - RhentiWorker - INFO - 📨 Received 16 emails in this page.
2026-03-03 18:37:35,232 - RhentiWorker - INFO - 🏁 Job Finished. Checked 2516 emails. Saved 0 new leads.
2026-03-03 18:37:35,235 - MasterWorker - INFO - ✅ Master Scrape Cycle Complete.
2026-03-03 18:37:35,235 - MasterWorker - INFO - --------------------------------------------------
2026-03-03 18:37:35,236 - MasterWorker - INFO - 💤 Orchestrator sleeping for 1 hour...
2026-03-03 18:44:46,924 - MasterWorker - INFO - 🚀 Prism CRM Worker Orchestrator Starting Up...
2026-03-03 18:44:46,924 - MasterWorker - INFO - --------------------------------------------------
2026-03-03 18:44:46,925 - MasterWorker - INFO - 🔄 Starting Master Scrape Cycle...
2026-03-03 18:44:46,925 - MasterWorker - INFO - ▶️ Triggering Appartements Worker
2026-03-03 18:44:46,925 - AppartementsWorker - INFO - 🚀 Starting Appartements Mailbox Scan Job...
2026-03-03 18:44:46,931 - AppartementsWorker - INFO - 📅 Scanning emails since 2026-02-01T18:44:46Z...
2026-03-03 18:45:00,186 - SendTest - ERROR - ❌ Failed to send email. Status 403: {"error":{"code":"ErrorAccessDenied","message":"Access is denied. Check credentials and try again."}}
2026-03-03 19:11:14,055 - MasterWorker - INFO - 🚀 Prism CRM Worker Orchestrator Starting Up...
2026-03-03 19:11:14,056 - MasterWorker - INFO - --------------------------------------------------
2026-03-03 19:11:14,057 - MasterWorker - INFO - 🔄 Starting Master Scrape Cycle...
2026-03-03 19:11:14,058 - MasterWorker - INFO - ▶️ Triggering Appartements Worker
2026-03-03 19:11:14,059 - AppartementsWorker - INFO - 🚀 Starting Appartements Mailbox Scan Job...
2026-03-03 19:11:14,072 - AppartementsWorker - INFO - 📅 Scanning emails since 2026-02-01T19:11:14Z...
2026-03-03 19:13:03,523 - AppartementsWorker - INFO - ✅ Page loop finished.
2026-03-03 19:13:03,525 - AppartementsWorker - INFO - 🏁 Job Finished. Checked 2463 emails. Saved 0 new leads.
2026-03-03 19:13:08,529 - MasterWorker - INFO - ▶️ Triggering Rhenti Worker
2026-03-03 19:13:08,530 - RhentiWorker - INFO - 🚀 Starting Rhenti Mailbox Scan (Last 30 Days)...
2026-03-03 19:13:49,855 - MasterWorker - INFO - 🚀 Prism CRM Worker Orchestrator Starting Up...
2026-03-03 19:13:49,856 - MasterWorker - INFO - --------------------------------------------------
2026-03-03 19:13:49,856 - MasterWorker - INFO - 🔄 Starting Master Scrape Cycle...
2026-03-03 19:13:49,857 - MasterWorker - INFO - ▶️ Triggering Appartements Worker
2026-03-03 19:13:49,857 - AppartementsWorker - INFO - 🚀 Starting Appartements Mailbox Scan Job...
2026-03-03 19:13:49,864 - AppartementsWorker - INFO - 📅 Scanning emails since 2026-02-01T19:13:49Z...
2026-03-03 19:15:31,872 - AppartementsWorker - INFO - ✅ Page loop finished.
2026-03-03 19:15:31,872 - AppartementsWorker - INFO - 🏁 Job Finished. Checked 2463 emails. Saved 0 new leads.
2026-03-03 19:15:36,875 - MasterWorker - INFO - ▶️ Triggering Rhenti Worker
2026-03-03 19:15:36,876 - RhentiWorker - INFO - 🚀 Starting Rhenti Mailbox Scan (Last 30 Days)...
2026-03-03 19:17:08,191 - RhentiWorker - INFO - 🏁 Job Finished. Checked 2532 emails. Saved 0 new leads.
2026-03-03 19:17:08,193 - MasterWorker - INFO - ✅ Master Scrape Cycle Complete.
2026-03-03 19:17:08,193 - MasterWorker - INFO - --------------------------------------------------
2026-03-03 19:17:08,194 - MasterWorker - INFO - 💤 Orchestrator sleeping for 1 hour...
2026-03-03 19:22:05,107 - MasterWorker - INFO - 🚀 Prism CRM Worker Orchestrator Starting Up...
2026-03-03 19:22:05,108 - MasterWorker - INFO - --------------------------------------------------
2026-03-03 19:22:05,108 - MasterWorker - INFO - 🔄 Starting Master Scrape Cycle...
2026-03-03 19:22:05,108 - MasterWorker - INFO - ▶️ Triggering Appartements Worker
2026-03-03 19:22:05,109 - AppartementsWorker - INFO - 🚀 Starting Appartements Mailbox Scan Job...
2026-03-03 19:22:05,115 - AppartementsWorker - INFO - 📅 Scanning emails since 2026-02-01T19:22:05Z...
2026-03-03 19:22:05,188 - AppartementsWorker - WARNING - ⚠️ Access token expired. Attempting to refresh...
2026-03-03 19:22:05,495 - AppartementsWorker - INFO - 💾 Token refreshed and saved.
2026-03-03 19:24:08,059 - AppartementsWorker - INFO - ✅ Page loop finished.
2026-03-03 19:24:08,060 - AppartementsWorker - INFO - 🏁 Job Finished. Checked 2466 emails. Saved 0 new leads.
2026-03-03 19:24:13,062 - MasterWorker - INFO - ▶️ Triggering Rhenti Worker
2026-03-03 19:24:13,063 - RhentiWorker - INFO - 🚀 Starting Rhenti Mailbox Scan (Last 30 Days)...
2026-03-03 19:25:46,703 - RhentiWorker - INFO - 🏁 Job Finished. Checked 2535 emails. Saved 0 new leads.
2026-03-03 19:25:46,705 - MasterWorker - INFO - ✅ Master Scrape Cycle Complete.
2026-03-03 19:25:46,705 - MasterWorker - INFO - --------------------------------------------------
2026-03-03 19:25:46,705 - MasterWorker - INFO - 💤 Orchestrator sleeping for 1 hour...
2026-03-03 19:32:43,274 - MasterWorker - INFO - 🚀 Prism CRM Worker Orchestrator Starting Up...
2026-03-03 19:32:43,274 - MasterWorker - INFO - --------------------------------------------------
2026-03-03 19:32:43,275 - MasterWorker - INFO - 🔄 Starting Master Scrape Cycle...
2026-03-03 19:32:43,275 - MasterWorker - INFO - ▶️ Triggering Appartements Worker
2026-03-03 19:32:43,275 - AppartementsWorker - INFO - 🚀 Starting Appartements Mailbox Scan Job...
2026-03-03 19:32:43,283 - AppartementsWorker - INFO - 📅 Scanning emails since 2026-02-01T19:32:43Z...
2026-03-03 19:34:22,835 - AppartementsWorker - INFO - ✅ Page loop finished.
2026-03-03 19:34:22,835 - AppartementsWorker - INFO - 🏁 Job Finished. Checked 2468 emails. Saved 0 new leads.
2026-03-03 19:34:27,837 - MasterWorker - INFO - ▶️ Triggering Rhenti Worker
2026-03-03 19:34:27,839 - RhentiWorker - INFO - 🚀 Starting Rhenti Mailbox Scan (Last 30 Days)...
2026-03-03 19:35:58,993 - RhentiWorker - INFO - 🏁 Job Finished. Checked 2538 emails. Saved 0 new leads.
2026-03-03 19:35:58,994 - MasterWorker - INFO - ✅ Master Scrape Cycle Complete.
2026-03-03 19:35:58,995 - MasterWorker - INFO - --------------------------------------------------
2026-03-03 19:35:58,995 - MasterWorker - INFO - 💤 Orchestrator sleeping for 1 hour...
2026-03-03 19:37:01,319 - MasterWorker - INFO - 🚀 Prism CRM Worker Orchestrator Starting Up...
2026-03-03 19:37:01,319 - MasterWorker - INFO - --------------------------------------------------
2026-03-03 19:37:01,320 - MasterWorker - INFO - 🔄 Starting Master Scrape Cycle...
2026-03-03 19:37:01,321 - MasterWorker - INFO - ▶️ Triggering Appartements Worker
2026-03-03 19:37:01,321 - AppartementsWorker - INFO - 🚀 Starting Appartements Mailbox Scan Job...
2026-03-03 19:37:01,333 - AppartementsWorker - INFO - 📅 Scanning emails since 2026-02-01T19:37:01Z...
2026-03-03 19:38:38,888 - AppartementsWorker - INFO - ✅ Page loop finished.
2026-03-03 19:38:38,889 - AppartementsWorker - INFO - 🏁 Job Finished. Checked 2472 emails. Saved 0 new leads.
2026-03-03 19:38:43,895 - MasterWorker - INFO - ▶️ Triggering Rhenti Worker
2026-03-03 19:38:43,896 - RhentiWorker - INFO - 🚀 Starting Rhenti Mailbox Scan (Last 30 Days)...
2026-03-03 19:40:21,657 - RhentiWorker - INFO - 🏁 Job Finished. Checked 2541 emails. Saved 0 new leads.
2026-03-03 19:40:21,659 - MasterWorker - INFO - ✅ Master Scrape Cycle Complete.
2026-03-03 19:40:21,659 - MasterWorker - INFO - --------------------------------------------------
2026-03-03 19:40:21,659 - MasterWorker - INFO - 💤 Orchestrator sleeping for 1 hour...
2026-03-03 19:41:40,402 - MasterWorker - INFO - 🚀 Prism CRM Worker Orchestrator Starting Up...
2026-03-03 19:41:40,403 - MasterWorker - INFO - --------------------------------------------------
2026-03-03 19:41:40,403 - MasterWorker - INFO - 🔄 Starting Master Scrape Cycle...
2026-03-03 19:41:40,404 - MasterWorker - INFO - ▶️ Triggering Appartements Worker
2026-03-03 19:41:40,405 - AppartementsWorker - INFO - 🚀 Starting Appartements Mailbox Scan Job...
2026-03-03 19:41:40,417 - AppartementsWorker - INFO - 📅 Scanning emails since 2026-02-01T19:41:40Z...
2026-03-03 19:43:13,137 - AppartementsWorker - INFO - ✅ Page loop finished.
2026-03-03 19:43:13,138 - AppartementsWorker - INFO - 🏁 Job Finished. Checked 2476 emails. Saved 0 new leads.
2026-03-03 19:43:18,142 - MasterWorker - INFO - ▶️ Triggering Rhenti Worker
2026-03-03 19:43:18,142 - RhentiWorker - INFO - 🚀 Starting Rhenti Mailbox Scan (Last 30 Days)...
2026-03-03 19:45:00,677 - MasterWorker - INFO - 🚀 Prism CRM Worker Orchestrator Starting Up...
2026-03-03 19:45:00,677 - MasterWorker - INFO - --------------------------------------------------
2026-03-03 19:45:00,678 - MasterWorker - INFO - 🔄 Starting Master Scrape Cycle...
2026-03-03 19:45:00,678 - MasterWorker - INFO - ▶️ Triggering Appartements Worker
2026-03-03 19:45:00,678 - AppartementsWorker - INFO - 🚀 Starting Appartements Mailbox Scan Job...
2026-03-03 19:45:00,685 - AppartementsWorker - INFO - 📅 Scanning emails since 2026-02-01T19:45:00Z...
2026-03-03 19:46:38,912 - AppartementsWorker - INFO - ✅ Page loop finished.
2026-03-03 19:46:38,913 - AppartementsWorker - INFO - 🏁 Job Finished. Checked 2481 emails. Saved 0 new leads.
2026-03-03 19:46:43,917 - MasterWorker - INFO - ▶️ Triggering Rhenti Worker
2026-03-03 19:46:43,917 - RhentiWorker - INFO - 🚀 Starting Rhenti Mailbox Scan (Last 30 Days)...
2026-03-03 19:48:21,141 - RhentiWorker - INFO - 🏁 Job Finished. Checked 2549 emails. Saved 0 new leads.
2026-03-03 19:48:21,143 - MasterWorker - INFO - ✅ Master Scrape Cycle Complete.
2026-03-03 19:48:21,144 - MasterWorker - INFO - --------------------------------------------------
2026-03-03 19:48:21,144 - MasterWorker - INFO - 💤 Orchestrator sleeping for 1 hour...
2026-03-04 09:12:34,752 - MasterWorker - INFO - 🚀 Prism CRM Worker Orchestrator Starting Up...
2026-03-04 09:12:34,752 - MasterWorker - INFO - --------------------------------------------------
2026-03-04 09:12:34,753 - MasterWorker - INFO - 🔄 Starting Master Scrape Cycle...
2026-03-04 09:12:34,754 - MasterWorker - INFO - ▶️ Triggering Appartements Worker
2026-03-04 09:12:34,755 - AppartementsWorker - INFO - 🚀 Starting Appartements Mailbox Scan Job...
2026-03-04 09:12:34,767 - AppartementsWorker - INFO - 📅 Scanning emails since 2026-02-02T14:12:34Z...
2026-03-04 09:12:34,903 - AppartementsWorker - WARNING - ⚠️ Access token expired. Attempting to refresh...
2026-03-04 09:12:35,264 - AppartementsWorker - INFO - 💾 Token refreshed and saved.
2026-03-04 09:12:40,595 - AppartementsWorker - INFO - 🔎 Found new lead email: apartments.com network lead for 475 george street north (Received: 2026-03-04T01:26:53Z)
2026-03-04 09:12:40,834 - AppartementsWorker - INFO - 💾 SAVED TO DB: Obidigbo Nnadi (475 George Street North) at 2026-03-04 01:26:53
2026-03-04 09:12:40,845 - AppartementsWorker - INFO - 🔎 Found new lead email: apartments.com network lead for 80 bond street east (Received: 2026-03-03T21:16:24Z)
2026-03-04 09:12:40,854 - AppartementsWorker - INFO - 💾 SAVED TO DB: Gary Ward (80 Bond Street East) at 2026-03-03 21:16:24
2026-03-04 09:14:37,040 - AppartementsWorker - INFO - ✅ Page loop finished.
2026-03-04 09:14:37,041 - AppartementsWorker - INFO - 🏁 Job Finished. Checked 2537 emails. Saved 2 new leads.
2026-03-04 09:14:42,039 - MasterWorker - INFO - ▶️ Triggering Rhenti Worker
2026-03-04 09:14:42,040 - RhentiWorker - INFO - 🚀 Starting Rhenti Mailbox Scan (Last 30 Days)...
2026-03-04 09:16:34,454 - RhentiWorker - INFO - 🏁 Job Finished. Checked 2601 emails. Saved 0 new leads.
2026-03-04 09:16:34,456 - MasterWorker - INFO - ✅ Master Scrape Cycle Complete.
2026-03-04 09:16:34,457 - MasterWorker - INFO - --------------------------------------------------
2026-03-04 09:16:34,457 - MasterWorker - INFO - 💤 Orchestrator sleeping for 1 hour...
2026-03-04 09:19:50,504 - MasterWorker - INFO - 🚀 Prism CRM Worker Orchestrator Starting Up...
2026-03-04 09:19:50,505 - MasterWorker - INFO - --------------------------------------------------
2026-03-04 09:19:50,505 - MasterWorker - INFO - 🔄 Starting Master Scrape Cycle...
2026-03-04 09:19:50,506 - MasterWorker - INFO - ▶️ Triggering Appartements Worker
2026-03-04 09:19:50,506 - AppartementsWorker - INFO - 🚀 Starting Appartements Mailbox Scan Job...
2026-03-04 09:19:50,519 - AppartementsWorker - INFO - 📅 Scanning emails since 2026-02-02T14:19:50Z...
2026-03-04 09:21:23,048 - AppartementsWorker - INFO - ✅ Page loop finished.
2026-03-04 09:21:23,049 - AppartementsWorker - INFO - 🏁 Job Finished. Checked 2528 emails. Saved 0 new leads.
2026-03-04 09:21:28,052 - MasterWorker - INFO - ▶️ Triggering Rhenti Worker
2026-03-04 09:21:28,053 - RhentiWorker - INFO - 🚀 Starting Rhenti Mailbox Scan (Last 30 Days)...
2026-03-04 09:23:10,238 - RhentiWorker - INFO - 🏁 Job Finished. Checked 2598 emails. Saved 0 new leads.
2026-03-04 09:23:10,243 - MasterWorker - INFO - ✅ Master Scrape Cycle Complete.
2026-03-04 09:23:10,243 - MasterWorker - INFO - --------------------------------------------------
2026-03-04 09:23:10,244 - MasterWorker - INFO - 💤 Orchestrator sleeping for 1 hour...
2026-03-04 11:11:42,588 - MasterWorker - INFO - 🚀 Prism CRM Worker Orchestrator Starting Up...
2026-03-04 11:11:42,590 - MasterWorker - INFO - --------------------------------------------------
2026-03-04 11:11:42,590 - MasterWorker - INFO - 🔄 Starting Master Scrape Cycle...
2026-03-04 11:11:42,590 - MasterWorker - INFO - ▶️ Triggering Appartements Worker
2026-03-04 11:11:42,591 - AppartementsWorker - INFO - 🚀 Starting Appartements Mailbox Scan Job...
2026-03-04 11:11:42,593 - AppartementsWorker - INFO - 📅 Scanning emails since 2026-02-02T16:11:42Z...
2026-03-04 11:11:42,757 - AppartementsWorker - WARNING - ⚠️ Access token expired. Attempting to refresh...
2026-03-04 11:11:43,234 - AppartementsWorker - INFO - 💾 Token refreshed and saved.
2026-03-04 11:13:34,807 - AppartementsWorker - INFO - ✅ Page loop finished.
2026-03-04 11:13:34,808 - AppartementsWorker - INFO - 🏁 Job Finished. Checked 2498 emails. Saved 0 new leads.
2026-03-04 11:13:39,810 - MasterWorker - INFO - ▶️ Triggering Rhenti Worker
2026-03-04 11:13:39,811 - RhentiWorker - INFO - 🚀 Starting Rhenti Mailbox Scan (Last 30 Days)...
2026-03-04 11:15:36,720 - RhentiWorker - INFO - 🏁 Job Finished. Checked 2566 emails. Saved 0 new leads.
2026-03-04 11:15:36,722 - MasterWorker - INFO - ✅ Master Scrape Cycle Complete.
2026-03-04 11:15:36,722 - MasterWorker - INFO - --------------------------------------------------
2026-03-04 11:15:36,722 - MasterWorker - INFO - 💤 Orchestrator sleeping for 1 hour...
2026-03-04 11:31:26,377 - MasterWorker - INFO - 🚀 Prism CRM Worker Orchestrator Starting Up...
2026-03-04 11:31:26,377 - MasterWorker - INFO - --------------------------------------------------
2026-03-04 11:31:26,378 - MasterWorker - INFO - 🔄 Starting Master Scrape Cycle...
2026-03-04 11:31:26,378 - MasterWorker - INFO - ▶️ Triggering Appartements Worker
2026-03-04 11:31:26,378 - AppartementsWorker - INFO - 🚀 Starting Appartements Mailbox Scan Job...
2026-03-04 11:31:26,378 - AppartementsWorker - INFO - 📅 Scanning emails since 2026-02-02T16:31:26Z...
2026-03-04 11:33:10,830 - AppartementsWorker - INFO - ✅ Page loop finished.
2026-03-04 11:33:10,831 - AppartementsWorker - INFO - 🏁 Job Finished. Checked 2493 emails. Saved 0 new leads.
2026-03-04 11:33:15,833 - MasterWorker - INFO - ▶️ Triggering Rhenti Worker
2026-03-04 11:33:15,833 - RhentiWorker - INFO - 🚀 Starting Rhenti Mailbox Scan (Last 30 Days)...
2026-03-04 11:34:59,028 - RhentiWorker - INFO - 🏁 Job Finished. Checked 2562 emails. Saved 0 new leads.
2026-03-04 11:34:59,029 - MasterWorker - INFO - ✅ Master Scrape Cycle Complete.
2026-03-04 11:34:59,030 - MasterWorker - INFO - --------------------------------------------------
2026-03-04 11:34:59,030 - MasterWorker - INFO - 💤 Orchestrator sleeping for 1 hour...
2026-03-04 11:42:19,778 - MasterWorker - INFO - 🚀 Prism CRM Worker Orchestrator Starting Up...
2026-03-04 11:42:19,778 - MasterWorker - INFO - --------------------------------------------------
2026-03-04 11:42:19,779 - MasterWorker - INFO - 🔄 Starting Master Scrape Cycle...
2026-03-04 11:42:19,779 - MasterWorker - INFO - ▶️ Triggering Appartements Worker
2026-03-04 11:42:19,780 - AppartementsWorker - INFO - 🚀 Starting Appartements Mailbox Scan Job...
2026-03-04 11:42:19,780 - AppartementsWorker - INFO - 📅 Scanning emails since 2026-02-02T16:42:19Z...
2026-03-04 11:43:58,871 - AppartementsWorker - INFO - ✅ Page loop finished.
2026-03-04 11:43:58,874 - AppartementsWorker - INFO - 🏁 Job Finished. Checked 2488 emails. Saved 0 new leads.
2026-03-04 11:44:03,877 - MasterWorker - INFO - ▶️ Triggering Rhenti Worker
2026-03-04 11:44:03,877 - RhentiWorker - INFO - 🚀 Starting Rhenti Mailbox Scan (Last 30 Days)...
2026-03-04 11:45:43,368 - RhentiWorker - INFO - 🏁 Job Finished. Checked 2557 emails. Saved 0 new leads.
2026-03-04 11:45:43,370 - MasterWorker - INFO - ✅ Master Scrape Cycle Complete.
2026-03-04 11:45:43,371 - MasterWorker - INFO - --------------------------------------------------
2026-03-04 11:45:43,371 - MasterWorker - INFO - 💤 Orchestrator sleeping for 1 hour...
2026-03-04 11:51:57,609 - MasterWorker - INFO - 🚀 Prism CRM Worker Orchestrator Starting Up...
2026-03-04 11:51:57,610 - MasterWorker - INFO - --------------------------------------------------
2026-03-04 11:51:57,610 - MasterWorker - INFO - 🔄 Starting Master Scrape Cycle...
2026-03-04 11:51:57,611 - MasterWorker - INFO - ▶️ Triggering Appartements Worker
2026-03-04 11:51:57,611 - AppartementsWorker - INFO - 🚀 Starting Appartements Mailbox Scan Job...
2026-03-04 11:51:57,611 - AppartementsWorker - INFO - 📅 Scanning emails since 2026-02-02T16:51:57Z...
2026-03-04 11:53:36,383 - AppartementsWorker - INFO - ✅ Page loop finished.
2026-03-04 11:53:36,383 - AppartementsWorker - INFO - 🏁 Job Finished. Checked 2485 emails. Saved 0 new leads.
2026-03-04 11:53:41,386 - MasterWorker - INFO - ▶️ Triggering Rhenti Worker
2026-03-04 11:53:41,387 - RhentiWorker - INFO - 🚀 Starting Rhenti Mailbox Scan (Last 30 Days)...
2026-03-04 11:55:31,945 - RhentiWorker - INFO - 🏁 Job Finished. Checked 2555 emails. Saved 0 new leads.
2026-03-04 11:55:31,947 - MasterWorker - INFO - ✅ Master Scrape Cycle Complete.
2026-03-04 11:55:31,948 - MasterWorker - INFO - --------------------------------------------------
2026-03-04 11:55:31,949 - MasterWorker - INFO - 💤 Orchestrator sleeping for 1 hour...
2026-03-04 12:38:30,879 - MasterWorker - INFO - 🚀 Prism CRM Worker Orchestrator Starting Up...
2026-03-04 12:38:30,880 - MasterWorker - INFO - --------------------------------------------------
2026-03-04 12:38:30,881 - MasterWorker - INFO - 🔄 Starting Master Scrape Cycle...
2026-03-04 12:38:30,881 - MasterWorker - INFO - ▶️ Triggering Appartements Worker
2026-03-04 12:38:30,882 - AppartementsWorker - INFO - 🚀 Starting Appartements Mailbox Scan Job...
2026-03-04 12:38:30,883 - AppartementsWorker - INFO - 📅 Scanning emails since 2026-02-02T17:38:30Z...
2026-03-04 12:40:22,220 - AppartementsWorker - INFO - ✅ Page loop finished.
2026-03-04 12:40:22,221 - AppartementsWorker - INFO - 🏁 Job Finished. Checked 2511 emails. Saved 0 new leads.
2026-03-04 12:40:27,224 - MasterWorker - INFO - ▶️ Triggering Rhenti Worker
2026-03-04 12:40:27,225 - RhentiWorker - INFO - 🚀 Starting Rhenti Mailbox Scan (Last 30 Days)...
2026-03-04 12:42:16,766 - RhentiWorker - INFO - 🏁 Job Finished. Checked 2583 emails. Saved 0 new leads.
2026-03-04 12:42:16,768 - MasterWorker - INFO - ✅ Master Scrape Cycle Complete.
2026-03-04 12:42:16,769 - MasterWorker - INFO - --------------------------------------------------
2026-03-04 12:42:16,769 - MasterWorker - INFO - 💤 Orchestrator sleeping for 1 hour...
2026-03-04 13:42:16,772 - MasterWorker - INFO - --------------------------------------------------
2026-03-04 13:42:16,776 - MasterWorker - INFO - 🔄 Starting Master Scrape Cycle...
2026-03-04 13:42:16,777 - MasterWorker - INFO - ▶️ Triggering Appartements Worker
2026-03-04 13:42:16,777 - AppartementsWorker - INFO - 🚀 Starting Appartements Mailbox Scan Job...
2026-03-04 13:42:16,782 - AppartementsWorker - INFO - 📅 Scanning emails since 2026-02-02T18:42:16Z...
2026-03-04 13:42:17,059 - AppartementsWorker - WARNING - ⚠️ Access token expired. Attempting to refresh...
2026-03-04 13:42:17,600 - AppartementsWorker - INFO - 💾 Token refreshed and saved.
2026-03-04 13:44:06,207 - AppartementsWorker - INFO - ✅ Page loop finished.
2026-03-04 13:44:06,208 - AppartementsWorker - INFO - 🏁 Job Finished. Checked 2513 emails. Saved 0 new leads.
2026-03-04 13:44:11,210 - MasterWorker - INFO - ▶️ Triggering Rhenti Worker
2026-03-04 13:44:11,210 - RhentiWorker - INFO - 🚀 Starting Rhenti Mailbox Scan (Last 30 Days)...
2026-03-04 13:45:59,829 - RhentiWorker - INFO - 🏁 Job Finished. Checked 2581 emails. Saved 0 new leads.
2026-03-04 13:45:59,830 - MasterWorker - INFO - ✅ Master Scrape Cycle Complete.
2026-03-04 13:45:59,831 - MasterWorker - INFO - --------------------------------------------------
2026-03-04 13:45:59,831 - MasterWorker - INFO - 💤 Orchestrator sleeping for 1 hour...
2026-03-04 14:45:59,843 - MasterWorker - INFO - --------------------------------------------------
2026-03-04 14:45:59,860 - MasterWorker - INFO - 🔄 Starting Master Scrape Cycle...
2026-03-04 14:45:59,861 - MasterWorker - INFO - ▶️ Triggering Appartements Worker
2026-03-04 14:45:59,862 - AppartementsWorker - INFO - 🚀 Starting Appartements Mailbox Scan Job...
2026-03-04 14:45:59,874 - AppartementsWorker - INFO - 📅 Scanning emails since 2026-02-02T19:45:59Z...
2026-03-04 14:47:59,759 - AppartementsWorker - INFO - ✅ Page loop finished.
2026-03-04 14:47:59,760 - AppartementsWorker - INFO - 🏁 Job Finished. Checked 2506 emails. Saved 0 new leads.
2026-03-04 14:48:04,763 - MasterWorker - INFO - ▶️ Triggering Rhenti Worker
2026-03-04 14:48:04,763 - RhentiWorker - INFO - 🚀 Starting Rhenti Mailbox Scan (Last 30 Days)...
2026-03-04 14:49:49,477 - RhentiWorker - INFO - 🏁 Job Finished. Checked 2575 emails. Saved 0 new leads.
2026-03-04 14:49:49,480 - MasterWorker - INFO - ✅ Master Scrape Cycle Complete.
2026-03-04 14:49:49,480 - MasterWorker - INFO - --------------------------------------------------
2026-03-04 14:49:49,481 - MasterWorker - INFO - 💤 Orchestrator sleeping for 1 hour...
2026-03-05 22:33:53,191 - MasterWorker - INFO - 🚀 Prism CRM Worker Orchestrator Starting Up...
2026-03-05 22:33:53,191 - MasterWorker - INFO - --------------------------------------------------
2026-03-05 22:33:53,191 - MasterWorker - INFO - 🔄 Starting Master Scrape Cycle...
2026-03-05 22:33:53,192 - MasterWorker - INFO - ▶️ Triggering Appartements Worker
2026-03-05 22:33:53,192 - AppartementsWorker - INFO - 🚀 Starting Appartements Mailbox Scan Job...
2026-03-05 22:33:53,193 - AppartementsWorker - ERROR - ❌ Error: /code/token.json not found.
2026-03-05 22:33:53,193 - AppartementsWorker - ERROR - ❌ No token data found. Aborting scan.
2026-03-05 22:33:58,194 - MasterWorker - INFO - ▶️ Triggering Rhenti Worker
2026-03-05 22:33:58,194 - RhentiWorker - INFO - 🚀 Starting Rhenti Mailbox Scan (Last 30 Days)...
2026-03-05 22:33:58,195 - RhentiWorker - ERROR - ❌ Error: /code/token.json not found.
2026-03-05 22:33:58,196 - MasterWorker - INFO - ✅ Master Scrape Cycle Complete.
2026-03-05 22:33:58,196 - MasterWorker - INFO - --------------------------------------------------
2026-03-05 22:33:58,196 - MasterWorker - INFO - 💤 Orchestrator sleeping for 1 hour...
2026-03-05 22:36:17,906 - MasterWorker - INFO - 🚀 Prism CRM Worker Orchestrator Starting Up...
2026-03-05 22:36:17,906 - MasterWorker - INFO - --------------------------------------------------
2026-03-05 22:36:17,906 - MasterWorker - INFO - 🔄 Starting Master Scrape Cycle...
2026-03-05 22:36:17,907 - MasterWorker - INFO - ▶️ Triggering Appartements Worker
2026-03-05 22:36:17,907 - AppartementsWorker - INFO - 🚀 Starting Appartements Mailbox Scan Job...
2026-03-05 22:36:17,907 - AppartementsWorker - ERROR - ❌ Error: /code/token.json not found.
2026-03-05 22:36:17,908 - AppartementsWorker - ERROR - ❌ No token data found. Aborting scan.
2026-03-05 22:36:22,908 - MasterWorker - INFO - ▶️ Triggering Rhenti Worker
2026-03-05 22:36:22,908 - RhentiWorker - INFO - 🚀 Starting Rhenti Mailbox Scan (Last 30 Days)...
2026-03-05 22:36:22,909 - RhentiWorker - ERROR - ❌ Error: /code/token.json not found.
2026-03-05 22:36:22,909 - MasterWorker - INFO - ✅ Master Scrape Cycle Complete.
2026-03-05 22:36:22,910 - MasterWorker - INFO - --------------------------------------------------
2026-03-05 22:36:22,910 - MasterWorker - INFO - 💤 Orchestrator sleeping for 1 hour...
2026-03-05 23:18:39,439 - MasterWorker - INFO - 🚀 Prism CRM Worker Orchestrator Starting Up...
2026-03-05 23:18:39,439 - MasterWorker - INFO - --------------------------------------------------
2026-03-05 23:18:39,439 - MasterWorker - INFO - 🔄 Starting Master Scrape Cycle...
2026-03-05 23:18:39,440 - MasterWorker - INFO - ▶️ Triggering Appartements Worker
2026-03-05 23:18:39,440 - AppartementsWorker - INFO - 🚀 Starting Appartements Mailbox Scan Job...
2026-03-05 23:18:39,440 - AppartementsWorker - ERROR - ❌ Error: /code/token.json not found.
2026-03-05 23:18:39,441 - AppartementsWorker - ERROR - ❌ No token data found. Aborting scan.
2026-03-05 23:18:44,441 - MasterWorker - INFO - ▶️ Triggering Rhenti Worker
2026-03-05 23:18:44,441 - RhentiWorker - INFO - 🚀 Starting Rhenti Mailbox Scan (Last 30 Days)...
2026-03-05 23:18:44,442 - RhentiWorker - ERROR - ❌ Error: /code/token.json not found.
2026-03-05 23:18:44,442 - MasterWorker - INFO - ✅ Master Scrape Cycle Complete.
2026-03-05 23:18:44,442 - MasterWorker - INFO - --------------------------------------------------
2026-03-05 23:18:44,443 - MasterWorker - INFO - 💤 Orchestrator sleeping for 1 hour...
